;  ASM code generated by mikroVirtualMachine for PIC - V. 8.2.0.0
;  Date/Time: 3/1/2012 7:31:09 PM
;  Info: http://www.mikroe.com


; ADDRESS	OPCODE	ASM
; ----------------------------------------------
$0000	$2804			GOTO	_main
$0004	$	_main:
;basic.c,2 :: 		void main()
;basic.c,4 :: 		trisb=0X00;
$0004	$1303			BCF	STATUS, RP1
$0005	$1683			BSF	STATUS, RP0
$0006	$0186			CLRF	TRISB, 1
;basic.c,5 :: 		while(1)
$0007	$	L_main_0:
;basic.c,6 :: 		{  for(i=0;i<100;i++)
$0007	$1283			BCF	STATUS, RP0
$0008	$01A0			CLRF	_i
$0009	$01A1			CLRF	_i+1
$000A	$	L_main_2:
$000A	$3000			MOVLW	0
$000B	$0221			SUBWF	_i+1, 0
$000C	$1D03			BTFSS	STATUS, Z
$000D	$2810			GOTO	L_main_38
$000E	$3064			MOVLW	100
$000F	$0220			SUBWF	_i, 0
$0010	$	L_main_38:
$0010	$1803			BTFSC	STATUS, C
$0011	$2835			GOTO	L_main_3
;basic.c,9 :: 		PORTB.F7=1;        //SERVO_1
$0012	$1786			BSF	PORTB, 7
;basic.c,10 :: 		delay_us(1000);
$0013	$3002			MOVLW	2
$0014	$00FB			MOVWF	STACK_11
$0015	$30FF			MOVLW	255
$0016	$00FA			MOVWF	STACK_10
$0017	$0BFB			DECFSZ	STACK_11, F
$0018	$281A			GOTO	$+2
$0019	$281D			GOTO	$+4
$001A	$0BFA			DECFSZ	STACK_10, F
$001B	$281A			GOTO	$-1
$001C	$2817			GOTO	$-5
$001D	$304A			MOVLW	74
$001E	$00FA			MOVWF	STACK_10
$001F	$0BFA			DECFSZ	STACK_10, F
$0020	$281F			GOTO	$-1
;basic.c,11 :: 		PORTB.F7=0;
$0021	$1386			BCF	PORTB, 7
;basic.c,12 :: 		delay_us(19000);
$0022	$3019			MOVLW	25
$0023	$00FB			MOVWF	STACK_11
$0024	$30FF			MOVLW	255
$0025	$00FA			MOVWF	STACK_10
$0026	$0BFB			DECFSZ	STACK_11, F
$0027	$2829			GOTO	$+2
$0028	$282C			GOTO	$+4
$0029	$0BFA			DECFSZ	STACK_10, F
$002A	$2829			GOTO	$-1
$002B	$2826			GOTO	$-5
$002C	$309B			MOVLW	155
$002D	$00FA			MOVWF	STACK_10
$002E	$0BFA			DECFSZ	STACK_10, F
$002F	$282E			GOTO	$-1
$0030	$0000			NOP
;basic.c,13 :: 		}for(i=0;i<100;i++)
$0031	$	L_main_4:
;basic.c,6 :: 		{  for(i=0;i<100;i++)
$0031	$0AA0			INCF	_i, 1
$0032	$1903			BTFSC	STATUS, Z
$0033	$0AA1			INCF	_i+1, 1
;basic.c,13 :: 		}for(i=0;i<100;i++)
$0034	$280A			GOTO	L_main_2
$0035	$	L_main_3:
$0035	$01A0			CLRF	_i
$0036	$01A1			CLRF	_i+1
$0037	$	L_main_5:
$0037	$3000			MOVLW	0
$0038	$0221			SUBWF	_i+1, 0
$0039	$1D03			BTFSS	STATUS, Z
$003A	$283D			GOTO	L_main_39
$003B	$3064			MOVLW	100
$003C	$0220			SUBWF	_i, 0
$003D	$	L_main_39:
$003D	$1803			BTFSC	STATUS, C
$003E	$2862			GOTO	L_main_6
;basic.c,15 :: 		PORTB.F4=1;        //SERVO_2
$003F	$1606			BSF	PORTB, 4
;basic.c,16 :: 		delay_us(1000);
$0040	$3002			MOVLW	2
$0041	$00FB			MOVWF	STACK_11
$0042	$30FF			MOVLW	255
$0043	$00FA			MOVWF	STACK_10
$0044	$0BFB			DECFSZ	STACK_11, F
$0045	$2847			GOTO	$+2
$0046	$284A			GOTO	$+4
$0047	$0BFA			DECFSZ	STACK_10, F
$0048	$2847			GOTO	$-1
$0049	$2844			GOTO	$-5
$004A	$304A			MOVLW	74
$004B	$00FA			MOVWF	STACK_10
$004C	$0BFA			DECFSZ	STACK_10, F
$004D	$284C			GOTO	$-1
;basic.c,17 :: 		PORTB.F4=0;
$004E	$1206			BCF	PORTB, 4
;basic.c,18 :: 		delay_us(19000);
$004F	$3019			MOVLW	25
$0050	$00FB			MOVWF	STACK_11
$0051	$30FF			MOVLW	255
$0052	$00FA			MOVWF	STACK_10
$0053	$0BFB			DECFSZ	STACK_11, F
$0054	$2856			GOTO	$+2
$0055	$2859			GOTO	$+4
$0056	$0BFA			DECFSZ	STACK_10, F
$0057	$2856			GOTO	$-1
$0058	$2853			GOTO	$-5
$0059	$309B			MOVLW	155
$005A	$00FA			MOVWF	STACK_10
$005B	$0BFA			DECFSZ	STACK_10, F
$005C	$285B			GOTO	$-1
$005D	$0000			NOP
;basic.c,19 :: 		} for(i=0;i<100;i++)
$005E	$	L_main_7:
;basic.c,13 :: 		}for(i=0;i<100;i++)
$005E	$0AA0			INCF	_i, 1
$005F	$1903			BTFSC	STATUS, Z
$0060	$0AA1			INCF	_i+1, 1
;basic.c,19 :: 		} for(i=0;i<100;i++)
$0061	$2837			GOTO	L_main_5
$0062	$	L_main_6:
$0062	$01A0			CLRF	_i
$0063	$01A1			CLRF	_i+1
$0064	$	L_main_8:
$0064	$3000			MOVLW	0
$0065	$0221			SUBWF	_i+1, 0
$0066	$1D03			BTFSS	STATUS, Z
$0067	$286A			GOTO	L_main_40
$0068	$3064			MOVLW	100
$0069	$0220			SUBWF	_i, 0
$006A	$	L_main_40:
$006A	$1803			BTFSC	STATUS, C
$006B	$288F			GOTO	L_main_9
;basic.c,20 :: 		{ PORTB.F1=1;        //SERVO_3
$006C	$1486			BSF	PORTB, 1
;basic.c,21 :: 		delay_us(1000);
$006D	$3002			MOVLW	2
$006E	$00FB			MOVWF	STACK_11
$006F	$30FF			MOVLW	255
$0070	$00FA			MOVWF	STACK_10
$0071	$0BFB			DECFSZ	STACK_11, F
$0072	$2874			GOTO	$+2
$0073	$2877			GOTO	$+4
$0074	$0BFA			DECFSZ	STACK_10, F
$0075	$2874			GOTO	$-1
$0076	$2871			GOTO	$-5
$0077	$304A			MOVLW	74
$0078	$00FA			MOVWF	STACK_10
$0079	$0BFA			DECFSZ	STACK_10, F
$007A	$2879			GOTO	$-1
;basic.c,22 :: 		PORTB.F1=0;
$007B	$1086			BCF	PORTB, 1
;basic.c,23 :: 		delay_us(19000);
$007C	$3019			MOVLW	25
$007D	$00FB			MOVWF	STACK_11
$007E	$30FF			MOVLW	255
$007F	$00FA			MOVWF	STACK_10
$0080	$0BFB			DECFSZ	STACK_11, F
$0081	$2883			GOTO	$+2
$0082	$2886			GOTO	$+4
$0083	$0BFA			DECFSZ	STACK_10, F
$0084	$2883			GOTO	$-1
$0085	$2880			GOTO	$-5
$0086	$309B			MOVLW	155
$0087	$00FA			MOVWF	STACK_10
$0088	$0BFA			DECFSZ	STACK_10, F
$0089	$2888			GOTO	$-1
$008A	$0000			NOP
;basic.c,24 :: 		}
$008B	$	L_main_10:
;basic.c,19 :: 		} for(i=0;i<100;i++)
$008B	$0AA0			INCF	_i, 1
$008C	$1903			BTFSC	STATUS, Z
$008D	$0AA1			INCF	_i+1, 1
;basic.c,24 :: 		}
$008E	$2864			GOTO	L_main_8
$008F	$	L_main_9:
;basic.c,25 :: 		for(i=0;i<100;i++)
$008F	$01A0			CLRF	_i
$0090	$01A1			CLRF	_i+1
$0091	$	L_main_11:
$0091	$3000			MOVLW	0
$0092	$0221			SUBWF	_i+1, 0
$0093	$1D03			BTFSS	STATUS, Z
$0094	$2897			GOTO	L_main_41
$0095	$3064			MOVLW	100
$0096	$0220			SUBWF	_i, 0
$0097	$	L_main_41:
$0097	$1803			BTFSC	STATUS, C
$0098	$28BC			GOTO	L_main_12
;basic.c,26 :: 		{ PORTd.F7=1;        //SERVO_4
$0099	$1788			BSF	PORTD, 7
;basic.c,27 :: 		delay_us(1000);
$009A	$3002			MOVLW	2
$009B	$00FB			MOVWF	STACK_11
$009C	$30FF			MOVLW	255
$009D	$00FA			MOVWF	STACK_10
$009E	$0BFB			DECFSZ	STACK_11, F
$009F	$28A1			GOTO	$+2
$00A0	$28A4			GOTO	$+4
$00A1	$0BFA			DECFSZ	STACK_10, F
$00A2	$28A1			GOTO	$-1
$00A3	$289E			GOTO	$-5
$00A4	$304A			MOVLW	74
$00A5	$00FA			MOVWF	STACK_10
$00A6	$0BFA			DECFSZ	STACK_10, F
$00A7	$28A6			GOTO	$-1
;basic.c,28 :: 		PORTd.F7=0;
$00A8	$1388			BCF	PORTD, 7
;basic.c,29 :: 		delay_us(19000);
$00A9	$3019			MOVLW	25
$00AA	$00FB			MOVWF	STACK_11
$00AB	$30FF			MOVLW	255
$00AC	$00FA			MOVWF	STACK_10
$00AD	$0BFB			DECFSZ	STACK_11, F
$00AE	$28B0			GOTO	$+2
$00AF	$28B3			GOTO	$+4
$00B0	$0BFA			DECFSZ	STACK_10, F
$00B1	$28B0			GOTO	$-1
$00B2	$28AD			GOTO	$-5
$00B3	$309B			MOVLW	155
$00B4	$00FA			MOVWF	STACK_10
$00B5	$0BFA			DECFSZ	STACK_10, F
$00B6	$28B5			GOTO	$-1
$00B7	$0000			NOP
;basic.c,30 :: 		}
$00B8	$	L_main_13:
;basic.c,25 :: 		for(i=0;i<100;i++)
$00B8	$0AA0			INCF	_i, 1
$00B9	$1903			BTFSC	STATUS, Z
$00BA	$0AA1			INCF	_i+1, 1
;basic.c,30 :: 		}
$00BB	$2891			GOTO	L_main_11
$00BC	$	L_main_12:
;basic.c,31 :: 		for(i=0;i<100;i++)
$00BC	$01A0			CLRF	_i
$00BD	$01A1			CLRF	_i+1
$00BE	$	L_main_14:
$00BE	$3000			MOVLW	0
$00BF	$0221			SUBWF	_i+1, 0
$00C0	$1D03			BTFSS	STATUS, Z
$00C1	$28C4			GOTO	L_main_42
$00C2	$3064			MOVLW	100
$00C3	$0220			SUBWF	_i, 0
$00C4	$	L_main_42:
$00C4	$1803			BTFSC	STATUS, C
$00C5	$28E9			GOTO	L_main_15
;basic.c,32 :: 		{  PORTd.F4=1;        //SERVO_5
$00C6	$1608			BSF	PORTD, 4
;basic.c,33 :: 		delay_us(1000);
$00C7	$3002			MOVLW	2
$00C8	$00FB			MOVWF	STACK_11
$00C9	$30FF			MOVLW	255
$00CA	$00FA			MOVWF	STACK_10
$00CB	$0BFB			DECFSZ	STACK_11, F
$00CC	$28CE			GOTO	$+2
$00CD	$28D1			GOTO	$+4
$00CE	$0BFA			DECFSZ	STACK_10, F
$00CF	$28CE			GOTO	$-1
$00D0	$28CB			GOTO	$-5
$00D1	$304A			MOVLW	74
$00D2	$00FA			MOVWF	STACK_10
$00D3	$0BFA			DECFSZ	STACK_10, F
$00D4	$28D3			GOTO	$-1
;basic.c,34 :: 		PORTd.F4=0;
$00D5	$1208			BCF	PORTD, 4
;basic.c,35 :: 		delay_us(19000);
$00D6	$3019			MOVLW	25
$00D7	$00FB			MOVWF	STACK_11
$00D8	$30FF			MOVLW	255
$00D9	$00FA			MOVWF	STACK_10
$00DA	$0BFB			DECFSZ	STACK_11, F
$00DB	$28DD			GOTO	$+2
$00DC	$28E0			GOTO	$+4
$00DD	$0BFA			DECFSZ	STACK_10, F
$00DE	$28DD			GOTO	$-1
$00DF	$28DA			GOTO	$-5
$00E0	$309B			MOVLW	155
$00E1	$00FA			MOVWF	STACK_10
$00E2	$0BFA			DECFSZ	STACK_10, F
$00E3	$28E2			GOTO	$-1
$00E4	$0000			NOP
;basic.c,36 :: 		}
$00E5	$	L_main_16:
;basic.c,31 :: 		for(i=0;i<100;i++)
$00E5	$0AA0			INCF	_i, 1
$00E6	$1903			BTFSC	STATUS, Z
$00E7	$0AA1			INCF	_i+1, 1
;basic.c,36 :: 		}
$00E8	$28BE			GOTO	L_main_14
$00E9	$	L_main_15:
;basic.c,37 :: 		for(i=0;i<100;i++)
$00E9	$01A0			CLRF	_i
$00EA	$01A1			CLRF	_i+1
$00EB	$	L_main_17:
$00EB	$3000			MOVLW	0
$00EC	$0221			SUBWF	_i+1, 0
$00ED	$1D03			BTFSS	STATUS, Z
$00EE	$28F1			GOTO	L_main_43
$00EF	$3064			MOVLW	100
$00F0	$0220			SUBWF	_i, 0
$00F1	$	L_main_43:
$00F1	$1803			BTFSC	STATUS, C
$00F2	$2916			GOTO	L_main_18
;basic.c,38 :: 		{ PORTd.F3=1;        //SERVO_6
$00F3	$1588			BSF	PORTD, 3
;basic.c,39 :: 		delay_us(1000);
$00F4	$3002			MOVLW	2
$00F5	$00FB			MOVWF	STACK_11
$00F6	$30FF			MOVLW	255
$00F7	$00FA			MOVWF	STACK_10
$00F8	$0BFB			DECFSZ	STACK_11, F
$00F9	$28FB			GOTO	$+2
$00FA	$28FE			GOTO	$+4
$00FB	$0BFA			DECFSZ	STACK_10, F
$00FC	$28FB			GOTO	$-1
$00FD	$28F8			GOTO	$-5
$00FE	$304A			MOVLW	74
$00FF	$00FA			MOVWF	STACK_10
$0100	$0BFA			DECFSZ	STACK_10, F
$0101	$2900			GOTO	$-1
;basic.c,40 :: 		PORTd.F3=0;
$0102	$1188			BCF	PORTD, 3
;basic.c,41 :: 		delay_us(19000);
$0103	$3019			MOVLW	25
$0104	$00FB			MOVWF	STACK_11
$0105	$30FF			MOVLW	255
$0106	$00FA			MOVWF	STACK_10
$0107	$0BFB			DECFSZ	STACK_11, F
$0108	$290A			GOTO	$+2
$0109	$290D			GOTO	$+4
$010A	$0BFA			DECFSZ	STACK_10, F
$010B	$290A			GOTO	$-1
$010C	$2907			GOTO	$-5
$010D	$309B			MOVLW	155
$010E	$00FA			MOVWF	STACK_10
$010F	$0BFA			DECFSZ	STACK_10, F
$0110	$290F			GOTO	$-1
$0111	$0000			NOP
;basic.c,42 :: 		}
$0112	$	L_main_19:
;basic.c,37 :: 		for(i=0;i<100;i++)
$0112	$0AA0			INCF	_i, 1
$0113	$1903			BTFSC	STATUS, Z
$0114	$0AA1			INCF	_i+1, 1
;basic.c,42 :: 		}
$0115	$28EB			GOTO	L_main_17
$0116	$	L_main_18:
;basic.c,43 :: 		for(i=0;i<100;i++)
$0116	$01A0			CLRF	_i
$0117	$01A1			CLRF	_i+1
$0118	$	L_main_20:
$0118	$3000			MOVLW	0
$0119	$0221			SUBWF	_i+1, 0
$011A	$1D03			BTFSS	STATUS, Z
$011B	$291E			GOTO	L_main_44
$011C	$3064			MOVLW	100
$011D	$0220			SUBWF	_i, 0
$011E	$	L_main_44:
$011E	$1803			BTFSC	STATUS, C
$011F	$2943			GOTO	L_main_21
;basic.c,46 :: 		PORTB.F7=1;        //SERVO_1
$0120	$1786			BSF	PORTB, 7
;basic.c,47 :: 		delay_us(2000);
$0121	$3003			MOVLW	3
$0122	$00FB			MOVWF	STACK_11
$0123	$30FF			MOVLW	255
$0124	$00FA			MOVWF	STACK_10
$0125	$0BFB			DECFSZ	STACK_11, F
$0126	$2928			GOTO	$+2
$0127	$292B			GOTO	$+4
$0128	$0BFA			DECFSZ	STACK_10, F
$0129	$2928			GOTO	$-1
$012A	$2925			GOTO	$-5
$012B	$3096			MOVLW	150
$012C	$00FA			MOVWF	STACK_10
$012D	$0BFA			DECFSZ	STACK_10, F
$012E	$292D			GOTO	$-1
;basic.c,48 :: 		PORTB.F7=0;
$012F	$1386			BCF	PORTB, 7
;basic.c,49 :: 		delay_us(1800);
$0130	$3003			MOVLW	3
$0131	$00FB			MOVWF	STACK_11
$0132	$30FF			MOVLW	255
$0133	$00FA			MOVWF	STACK_10
$0134	$0BFB			DECFSZ	STACK_11, F
$0135	$2937			GOTO	$+2
$0136	$293A			GOTO	$+4
$0137	$0BFA			DECFSZ	STACK_10, F
$0138	$2937			GOTO	$-1
$0139	$2934			GOTO	$-5
$013A	$3053			MOVLW	83
$013B	$00FA			MOVWF	STACK_10
$013C	$0BFA			DECFSZ	STACK_10, F
$013D	$293C			GOTO	$-1
$013E	$0000			NOP
;basic.c,50 :: 		}for(i=0;i<100;i++)
$013F	$	L_main_22:
;basic.c,43 :: 		for(i=0;i<100;i++)
$013F	$0AA0			INCF	_i, 1
$0140	$1903			BTFSC	STATUS, Z
$0141	$0AA1			INCF	_i+1, 1
;basic.c,50 :: 		}for(i=0;i<100;i++)
$0142	$2918			GOTO	L_main_20
$0143	$	L_main_21:
$0143	$01A0			CLRF	_i
$0144	$01A1			CLRF	_i+1
$0145	$	L_main_23:
$0145	$3000			MOVLW	0
$0146	$0221			SUBWF	_i+1, 0
$0147	$1D03			BTFSS	STATUS, Z
$0148	$294B			GOTO	L_main_45
$0149	$3064			MOVLW	100
$014A	$0220			SUBWF	_i, 0
$014B	$	L_main_45:
$014B	$1803			BTFSC	STATUS, C
$014C	$2970			GOTO	L_main_24
;basic.c,52 :: 		PORTB.F4=1;        //SERVO_2
$014D	$1606			BSF	PORTB, 4
;basic.c,53 :: 		delay_us(2000);
$014E	$3003			MOVLW	3
$014F	$00FB			MOVWF	STACK_11
$0150	$30FF			MOVLW	255
$0151	$00FA			MOVWF	STACK_10
$0152	$0BFB			DECFSZ	STACK_11, F
$0153	$2955			GOTO	$+2
$0154	$2958			GOTO	$+4
$0155	$0BFA			DECFSZ	STACK_10, F
$0156	$2955			GOTO	$-1
$0157	$2952			GOTO	$-5
$0158	$3096			MOVLW	150
$0159	$00FA			MOVWF	STACK_10
$015A	$0BFA			DECFSZ	STACK_10, F
$015B	$295A			GOTO	$-1
;basic.c,54 :: 		PORTB.F4=0;
$015C	$1206			BCF	PORTB, 4
;basic.c,55 :: 		delay_us(18000);
$015D	$3018			MOVLW	24
$015E	$00FB			MOVWF	STACK_11
$015F	$30FF			MOVLW	255
$0160	$00FA			MOVWF	STACK_10
$0161	$0BFB			DECFSZ	STACK_11, F
$0162	$2964			GOTO	$+2
$0163	$2967			GOTO	$+4
$0164	$0BFA			DECFSZ	STACK_10, F
$0165	$2964			GOTO	$-1
$0166	$2961			GOTO	$-5
$0167	$304F			MOVLW	79
$0168	$00FA			MOVWF	STACK_10
$0169	$0BFA			DECFSZ	STACK_10, F
$016A	$2969			GOTO	$-1
$016B	$0000			NOP
;basic.c,56 :: 		} for(i=0;i<100;i++)
$016C	$	L_main_25:
;basic.c,50 :: 		}for(i=0;i<100;i++)
$016C	$0AA0			INCF	_i, 1
$016D	$1903			BTFSC	STATUS, Z
$016E	$0AA1			INCF	_i+1, 1
;basic.c,56 :: 		} for(i=0;i<100;i++)
$016F	$2945			GOTO	L_main_23
$0170	$	L_main_24:
$0170	$01A0			CLRF	_i
$0171	$01A1			CLRF	_i+1
$0172	$	L_main_26:
$0172	$3000			MOVLW	0
$0173	$0221			SUBWF	_i+1, 0
$0174	$1D03			BTFSS	STATUS, Z
$0175	$2978			GOTO	L_main_46
$0176	$3064			MOVLW	100
$0177	$0220			SUBWF	_i, 0
$0178	$	L_main_46:
$0178	$1803			BTFSC	STATUS, C
$0179	$299D			GOTO	L_main_27
;basic.c,57 :: 		{ PORTB.F1=1;        //SERVO_3
$017A	$1486			BSF	PORTB, 1
;basic.c,58 :: 		delay_us(2000);
$017B	$3003			MOVLW	3
$017C	$00FB			MOVWF	STACK_11
$017D	$30FF			MOVLW	255
$017E	$00FA			MOVWF	STACK_10
$017F	$0BFB			DECFSZ	STACK_11, F
$0180	$2982			GOTO	$+2
$0181	$2985			GOTO	$+4
$0182	$0BFA			DECFSZ	STACK_10, F
$0183	$2982			GOTO	$-1
$0184	$297F			GOTO	$-5
$0185	$3096			MOVLW	150
$0186	$00FA			MOVWF	STACK_10
$0187	$0BFA			DECFSZ	STACK_10, F
$0188	$2987			GOTO	$-1
;basic.c,59 :: 		PORTB.F1=0;
$0189	$1086			BCF	PORTB, 1
;basic.c,60 :: 		delay_us(18000);
$018A	$3018			MOVLW	24
$018B	$00FB			MOVWF	STACK_11
$018C	$30FF			MOVLW	255
$018D	$00FA			MOVWF	STACK_10
$018E	$0BFB			DECFSZ	STACK_11, F
$018F	$2991			GOTO	$+2
$0190	$2994			GOTO	$+4
$0191	$0BFA			DECFSZ	STACK_10, F
$0192	$2991			GOTO	$-1
$0193	$298E			GOTO	$-5
$0194	$304F			MOVLW	79
$0195	$00FA			MOVWF	STACK_10
$0196	$0BFA			DECFSZ	STACK_10, F
$0197	$2996			GOTO	$-1
$0198	$0000			NOP
;basic.c,61 :: 		}
$0199	$	L_main_28:
;basic.c,56 :: 		} for(i=0;i<100;i++)
$0199	$0AA0			INCF	_i, 1
$019A	$1903			BTFSC	STATUS, Z
$019B	$0AA1			INCF	_i+1, 1
;basic.c,61 :: 		}
$019C	$2972			GOTO	L_main_26
$019D	$	L_main_27:
;basic.c,62 :: 		for(i=0;i<100;i++)
$019D	$01A0			CLRF	_i
$019E	$01A1			CLRF	_i+1
$019F	$	L_main_29:
$019F	$3000			MOVLW	0
$01A0	$0221			SUBWF	_i+1, 0
$01A1	$1D03			BTFSS	STATUS, Z
$01A2	$29A5			GOTO	L_main_47
$01A3	$3064			MOVLW	100
$01A4	$0220			SUBWF	_i, 0
$01A5	$	L_main_47:
$01A5	$1803			BTFSC	STATUS, C
$01A6	$29CA			GOTO	L_main_30
;basic.c,63 :: 		{ PORTd.F7=1;        //SERVO_4
$01A7	$1788			BSF	PORTD, 7
;basic.c,64 :: 		delay_us(2000);
$01A8	$3003			MOVLW	3
$01A9	$00FB			MOVWF	STACK_11
$01AA	$30FF			MOVLW	255
$01AB	$00FA			MOVWF	STACK_10
$01AC	$0BFB			DECFSZ	STACK_11, F
$01AD	$29AF			GOTO	$+2
$01AE	$29B2			GOTO	$+4
$01AF	$0BFA			DECFSZ	STACK_10, F
$01B0	$29AF			GOTO	$-1
$01B1	$29AC			GOTO	$-5
$01B2	$3096			MOVLW	150
$01B3	$00FA			MOVWF	STACK_10
$01B4	$0BFA			DECFSZ	STACK_10, F
$01B5	$29B4			GOTO	$-1
;basic.c,65 :: 		PORTd.F7=0;
$01B6	$1388			BCF	PORTD, 7
;basic.c,66 :: 		delay_us(18000);
$01B7	$3018			MOVLW	24
$01B8	$00FB			MOVWF	STACK_11
$01B9	$30FF			MOVLW	255
$01BA	$00FA			MOVWF	STACK_10
$01BB	$0BFB			DECFSZ	STACK_11, F
$01BC	$29BE			GOTO	$+2
$01BD	$29C1			GOTO	$+4
$01BE	$0BFA			DECFSZ	STACK_10, F
$01BF	$29BE			GOTO	$-1
$01C0	$29BB			GOTO	$-5
$01C1	$304F			MOVLW	79
$01C2	$00FA			MOVWF	STACK_10
$01C3	$0BFA			DECFSZ	STACK_10, F
$01C4	$29C3			GOTO	$-1
$01C5	$0000			NOP
;basic.c,67 :: 		}
$01C6	$	L_main_31:
;basic.c,62 :: 		for(i=0;i<100;i++)
$01C6	$0AA0			INCF	_i, 1
$01C7	$1903			BTFSC	STATUS, Z
$01C8	$0AA1			INCF	_i+1, 1
;basic.c,67 :: 		}
$01C9	$299F			GOTO	L_main_29
$01CA	$	L_main_30:
;basic.c,68 :: 		for(i=0;i<100;i++)
$01CA	$01A0			CLRF	_i
$01CB	$01A1			CLRF	_i+1
$01CC	$	L_main_32:
$01CC	$3000			MOVLW	0
$01CD	$0221			SUBWF	_i+1, 0
$01CE	$1D03			BTFSS	STATUS, Z
$01CF	$29D2			GOTO	L_main_48
$01D0	$3064			MOVLW	100
$01D1	$0220			SUBWF	_i, 0
$01D2	$	L_main_48:
$01D2	$1803			BTFSC	STATUS, C
$01D3	$29F7			GOTO	L_main_33
;basic.c,69 :: 		{  PORTd.F4=1;        //SERVO_5
$01D4	$1608			BSF	PORTD, 4
;basic.c,70 :: 		delay_us(2000);
$01D5	$3003			MOVLW	3
$01D6	$00FB			MOVWF	STACK_11
$01D7	$30FF			MOVLW	255
$01D8	$00FA			MOVWF	STACK_10
$01D9	$0BFB			DECFSZ	STACK_11, F
$01DA	$29DC			GOTO	$+2
$01DB	$29DF			GOTO	$+4
$01DC	$0BFA			DECFSZ	STACK_10, F
$01DD	$29DC			GOTO	$-1
$01DE	$29D9			GOTO	$-5
$01DF	$3096			MOVLW	150
$01E0	$00FA			MOVWF	STACK_10
$01E1	$0BFA			DECFSZ	STACK_10, F
$01E2	$29E1			GOTO	$-1
;basic.c,71 :: 		PORTd.F4=0;
$01E3	$1208			BCF	PORTD, 4
;basic.c,72 :: 		delay_us(18000);
$01E4	$3018			MOVLW	24
$01E5	$00FB			MOVWF	STACK_11
$01E6	$30FF			MOVLW	255
$01E7	$00FA			MOVWF	STACK_10
$01E8	$0BFB			DECFSZ	STACK_11, F
$01E9	$29EB			GOTO	$+2
$01EA	$29EE			GOTO	$+4
$01EB	$0BFA			DECFSZ	STACK_10, F
$01EC	$29EB			GOTO	$-1
$01ED	$29E8			GOTO	$-5
$01EE	$304F			MOVLW	79
$01EF	$00FA			MOVWF	STACK_10
$01F0	$0BFA			DECFSZ	STACK_10, F
$01F1	$29F0			GOTO	$-1
$01F2	$0000			NOP
;basic.c,73 :: 		}
$01F3	$	L_main_34:
;basic.c,68 :: 		for(i=0;i<100;i++)
$01F3	$0AA0			INCF	_i, 1
$01F4	$1903			BTFSC	STATUS, Z
$01F5	$0AA1			INCF	_i+1, 1
;basic.c,73 :: 		}
$01F6	$29CC			GOTO	L_main_32
$01F7	$	L_main_33:
;basic.c,74 :: 		for(i=0;i<100;i++)
$01F7	$01A0			CLRF	_i
$01F8	$01A1			CLRF	_i+1
$01F9	$	L_main_35:
$01F9	$3000			MOVLW	0
$01FA	$0221			SUBWF	_i+1, 0
$01FB	$1D03			BTFSS	STATUS, Z
$01FC	$29FF			GOTO	L_main_49
$01FD	$3064			MOVLW	100
$01FE	$0220			SUBWF	_i, 0
$01FF	$	L_main_49:
$01FF	$1803			BTFSC	STATUS, C
$0200	$2A24			GOTO	L_main_36
;basic.c,75 :: 		{ PORTd.F3=1;        //SERVO_6
$0201	$1588			BSF	PORTD, 3
;basic.c,76 :: 		delay_us(2000);
$0202	$3003			MOVLW	3
$0203	$00FB			MOVWF	STACK_11
$0204	$30FF			MOVLW	255
$0205	$00FA			MOVWF	STACK_10
$0206	$0BFB			DECFSZ	STACK_11, F
$0207	$2A09			GOTO	$+2
$0208	$2A0C			GOTO	$+4
$0209	$0BFA			DECFSZ	STACK_10, F
$020A	$2A09			GOTO	$-1
$020B	$2A06			GOTO	$-5
$020C	$3096			MOVLW	150
$020D	$00FA			MOVWF	STACK_10
$020E	$0BFA			DECFSZ	STACK_10, F
$020F	$2A0E			GOTO	$-1
;basic.c,77 :: 		PORTd.F3=0;
$0210	$1188			BCF	PORTD, 3
;basic.c,78 :: 		delay_us(18000);
$0211	$3018			MOVLW	24
$0212	$00FB			MOVWF	STACK_11
$0213	$30FF			MOVLW	255
$0214	$00FA			MOVWF	STACK_10
$0215	$0BFB			DECFSZ	STACK_11, F
$0216	$2A18			GOTO	$+2
$0217	$2A1B			GOTO	$+4
$0218	$0BFA			DECFSZ	STACK_10, F
$0219	$2A18			GOTO	$-1
$021A	$2A15			GOTO	$-5
$021B	$304F			MOVLW	79
$021C	$00FA			MOVWF	STACK_10
$021D	$0BFA			DECFSZ	STACK_10, F
$021E	$2A1D			GOTO	$-1
$021F	$0000			NOP
;basic.c,79 :: 		}
$0220	$	L_main_37:
;basic.c,74 :: 		for(i=0;i<100;i++)
$0220	$0AA0			INCF	_i, 1
$0221	$1903			BTFSC	STATUS, Z
$0222	$0AA1			INCF	_i+1, 1
;basic.c,79 :: 		}
$0223	$29F9			GOTO	L_main_35
$0224	$	L_main_36:
;basic.c,82 :: 		}
$0224	$2807			GOTO	L_main_0
;basic.c,83 :: 		}
$0225	$2A25			GOTO	$


//** Procedures locations **
//ADDRESS		PROCEDURE
//----------------------------------------------
$0004		main


//** Labels locations **
//ADDRESS		LABEL
//----------------------------------------------
$0004		_main:
$0007		L_main_0:
$000A		L_main_2:
$0010		L_main_38:
$0031		L_main_4:
$0035		L_main_3:
$0037		L_main_5:
$003D		L_main_39:
$005E		L_main_7:
$0062		L_main_6:
$0064		L_main_8:
$006A		L_main_40:
$008B		L_main_10:
$008F		L_main_9:
$0091		L_main_11:
$0097		L_main_41:
$00B8		L_main_13:
$00BC		L_main_12:
$00BE		L_main_14:
$00C4		L_main_42:
$00E5		L_main_16:
$00E9		L_main_15:
$00EB		L_main_17:
$00F1		L_main_43:
$0112		L_main_19:
$0116		L_main_18:
$0118		L_main_20:
$011E		L_main_44:
$013F		L_main_22:
$0143		L_main_21:
$0145		L_main_23:
$014B		L_main_45:
$016C		L_main_25:
$0170		L_main_24:
$0172		L_main_26:
$0178		L_main_46:
$0199		L_main_28:
$019D		L_main_27:
$019F		L_main_29:
$01A5		L_main_47:
$01C6		L_main_31:
$01CA		L_main_30:
$01CC		L_main_32:
$01D2		L_main_48:
$01F3		L_main_34:
$01F7		L_main_33:
$01F9		L_main_35:
$01FF		L_main_49:
$0220		L_main_37:
$0224		L_main_36:


//** Variables locations **
//ADDRESS		VARIABLE
//----------------------------------------------
$0000		INDF
$0002		PCL
$0003		STATUS
$0004		FSR
$0006		PORTB
$0008		PORTD
$000A		PCLATH
$0020		_i
$0070		STACK_0
$0071		STACK_1
$0072		STACK_2
$0073		STACK_3
$0074		STACK_4
$0075		STACK_5
$0076		STACK_6
$0077		STACK_7
$0078		STACK_8
$0079		STACK_9
$007A		STACK_10
$007B		STACK_11
$007C		STACK_12
$007D		STACK_13
$007E		STACK_14
$007F		STACK_15
$0086		TRISB


