;  ASM code generated by mikroVirtualMachine for PIC - V. 8.2.0.0
;  Date/Time: 8/10/2010 10:14:17 AM
;  Info: http://www.mikroe.com


; ADDRESS	OPCODE	ASM
; ----------------------------------------------
$0000	$2804			GOTO	_main
$024C	$	_Delay_1us:
;delays.c,7 :: 		void Delay_1us() {
;delays.c,8 :: 		Delay_us(1);
$024C	$0000			NOP
;delays.c,9 :: 		}
$024D	$0008			RETURN
$021E	$	_Delay_5500us:
;delays.c,31 :: 		void Delay_5500us() {
;delays.c,32 :: 		Delay_us(5500);
$021E	$3008			MOVLW	8
$021F	$1303			BCF	STATUS, RP1
$0220	$1283			BCF	STATUS, RP0
$0221	$00FB			MOVWF	STACK_11
$0222	$30FF			MOVLW	255
$0223	$00FA			MOVWF	STACK_10
$0224	$0BFB			DECFSZ	STACK_11, F
$0225	$2A27			GOTO	$+2
$0226	$2A2A			GOTO	$+4
$0227	$0BFA			DECFSZ	STACK_10, F
$0228	$2A27			GOTO	$-1
$0229	$2A24			GOTO	$-5
$022A	$301E			MOVLW	30
$022B	$00FA			MOVWF	STACK_10
$022C	$0BFA			DECFSZ	STACK_10, F
$022D	$2A2C			GOTO	$-1
;delays.c,33 :: 		}
$022E	$0008			RETURN
$0238	$	_Delay_50us:
;delays.c,19 :: 		void Delay_50us() {
;delays.c,20 :: 		Delay_us(50);
$0238	$3010			MOVLW	16
$0239	$1303			BCF	STATUS, RP1
$023A	$1283			BCF	STATUS, RP0
$023B	$00FA			MOVWF	STACK_10
$023C	$0BFA			DECFSZ	STACK_10, F
$023D	$2A3C			GOTO	$-1
$023E	$0000			NOP
;delays.c,21 :: 		}
$023F	$0008			RETURN
$0103	$	_Lcd_Cmd:
$0103	$1303			BCF	STATUS, RP1
$0104	$1283			BCF	STATUS, RP0
$0105	$0820			MOVF	LCD_port_address, 0
$0106	$0084			MOVWF	FSR
$0107	$0840			MOVF	FARG_Lcd_Cmd+0, 0
$0108	$1903			BTFSC	STATUS, Z
$0109	$290A			GOTO	L_Lcd_Cmd_0
$010A	$	L_Lcd_Cmd_0:
$010A	$1180			BCF	INDF, ___ENABLE
$010B	$1100			BCF	INDF, ___RS
$010C	$1380			BCF	INDF, ___DB7
$010D	$1300			BCF	INDF, ___DB6
$010E	$1280			BCF	INDF, ___DB5
$010F	$1200			BCF	INDF, ___DB4
$0110	$1BC0			BTFSC	FARG_Lcd_Cmd+0, 7
$0111	$1780			BSF	INDF, ___DB7
$0112	$1B40			BTFSC	FARG_Lcd_Cmd+0, 6
$0113	$1700			BSF	INDF, ___DB6
$0114	$1AC0			BTFSC	FARG_Lcd_Cmd+0, 5
$0115	$1680			BSF	INDF, ___DB5
$0116	$1A40			BTFSC	FARG_Lcd_Cmd+0, 4
$0117	$1600			BSF	INDF, ___DB4
$0118	$0821			MOVF	LCD_cmd_status, 0
$0119	$1903			BTFSC	STATUS, Z
$011A	$291D			GOTO	L_Lcd_Cmd_1
$011B	$1100			BCF	INDF, ___RS
$011C	$291E			GOTO	L_Lcd_Cmd_2
$011D	$	L_Lcd_Cmd_1:
$011D	$1500			BSF	INDF, ___RS
$011E	$	L_Lcd_Cmd_2:
$011E	$1580			BSF	INDF, ___ENABLE
$011F	$224C			CALL	_Delay_1us
$0120	$0840			MOVF	FARG_Lcd_Cmd+0, 0
$0121	$1903			BTFSC	STATUS, Z
$0122	$2923			GOTO	L_Lcd_Cmd_3
$0123	$	L_Lcd_Cmd_3:
$0123	$1180			BCF	INDF, ___ENABLE
$0124	$1100			BCF	INDF, ___RS
$0125	$1380			BCF	INDF, ___DB7
$0126	$1300			BCF	INDF, ___DB6
$0127	$1280			BCF	INDF, ___DB5
$0128	$1200			BCF	INDF, ___DB4
$0129	$19C0			BTFSC	FARG_Lcd_Cmd+0, 3
$012A	$1780			BSF	INDF, ___DB7
$012B	$1940			BTFSC	FARG_Lcd_Cmd+0, 2
$012C	$1700			BSF	INDF, ___DB6
$012D	$18C0			BTFSC	FARG_Lcd_Cmd+0, 1
$012E	$1680			BSF	INDF, ___DB5
$012F	$1840			BTFSC	FARG_Lcd_Cmd+0, 0
$0130	$1600			BSF	INDF, ___DB4
$0131	$0821			MOVF	LCD_cmd_status, 0
$0132	$1903			BTFSC	STATUS, Z
$0133	$2936			GOTO	L_Lcd_Cmd_4
$0134	$1100			BCF	INDF, ___RS
$0135	$2937			GOTO	L_Lcd_Cmd_5
$0136	$	L_Lcd_Cmd_4:
$0136	$1500			BSF	INDF, ___RS
$0137	$	L_Lcd_Cmd_5:
$0137	$1580			BSF	INDF, ___ENABLE
$0138	$224C			CALL	_Delay_1us
$0139	$1180			BCF	INDF, ___ENABLE
$013A	$0821			MOVF	LCD_cmd_status, 0
$013B	$1903			BTFSC	STATUS, Z
$013C	$293F			GOTO	L_Lcd_Cmd_6
$013D	$221E			CALL	_Delay_5500us
$013E	$2940			GOTO	L_Lcd_Cmd_7
$013F	$	L_Lcd_Cmd_6:
$013F	$2238			CALL	_Delay_50us
$0140	$	L_Lcd_Cmd_7:
$0140	$0008			RETURN
$0240	$	_Delay_10us:
;delays.c,11 :: 		void Delay_10us() {
;delays.c,12 :: 		Delay_us(10);
$0240	$3003			MOVLW	3
$0241	$1303			BCF	STATUS, RP1
$0242	$1283			BCF	STATUS, RP0
$0243	$00FA			MOVWF	STACK_10
$0244	$0BFA			DECFSZ	STACK_10, F
$0245	$2A44			GOTO	$-1
;delays.c,13 :: 		}
$0246	$0008			RETURN
$022F	$	_Lcd_Chr_CP:
$022F	$1303			BCF	STATUS, RP1
$0230	$1283			BCF	STATUS, RP0
$0231	$01A1			CLRF	LCD_cmd_status, 1
$0232	$083D			MOVF	FARG_Lcd_Chr_CP+0, 0
$0233	$00C0			MOVWF	FARG_Lcd_Cmd+0
$0234	$2103			CALL	_Lcd_Cmd
$0235	$3001			MOVLW	1
$0236	$00A1			MOVWF	LCD_cmd_status
$0237	$0008			RETURN
$01BB	$	_Keypad_Read:
$01BB	$1303			BCF	STATUS, RP1
$01BC	$1283			BCF	STATUS, RP0
$01BD	$01BD			CLRF	Keypad_Read_rslt_L0, 1
$01BE	$3010			MOVLW	16
$01BF	$00BF			MOVWF	Keypad_Read_shifter_L0
$01C0	$	L_Keypad_Read_0:
$01C0	$083F			MOVF	Keypad_Read_shifter_L0, 0
$01C1	$3C00			SUBLW	0
$01C2	$1803			BTFSC	STATUS, C
$01C3	$29EE			GOTO	L_Keypad_Read_1
$01C4	$0822			MOVF	keypad_16_key_pointer, 0
$01C5	$0084			MOVWF	FSR
$01C6	$30F0			MOVLW	240
$01C7	$0080			MOVWF	INDF
$01C8	$3080			MOVLW	128
$01C9	$0722			ADDWF	keypad_16_key_pointer, 0
$01CA	$00F1			MOVWF	STACK_1
$01CB	$093F			COMF	Keypad_Read_shifter_L0, W
$01CC	$00F0			MOVWF	STACK_0
$01CD	$30FF			MOVLW	255
$01CE	$05F0			ANDWF	STACK_0, 1
$01CF	$0871			MOVF	STACK_1, 0
$01D0	$0084			MOVWF	FSR
$01D1	$0870			MOVF	STACK_0, 0
$01D2	$0080			MOVWF	INDF
$01D3	$2240			CALL	_Delay_10us
$01D4	$0822			MOVF	keypad_16_key_pointer, 0
$01D5	$0084			MOVWF	FSR
$01D6	$0800			MOVF	INDF, 0
$01D7	$00F0			MOVWF	STACK_0
$01D8	$300F			MOVLW	15
$01D9	$05F0			ANDWF	STACK_0, 1
$01DA	$0870			MOVF	STACK_0, 0
$01DB	$00BE			MOVWF	Keypad_Read_kdata_L0
$01DC	$0870			MOVF	STACK_0, 0
$01DD	$1903			BTFSC	STATUS, Z
$01DE	$29E9			GOTO	L_Keypad_Read_2
$01DF	$	L_Keypad_Read_3:
$01DF	$083E			MOVF	Keypad_Read_kdata_L0, 0
$01E0	$1903			BTFSC	STATUS, Z
$01E1	$29E6			GOTO	L_Keypad_Read_4
$01E2	$0CBE			RRF	Keypad_Read_kdata_L0, 1
$01E3	$13BE			BCF	Keypad_Read_kdata_L0, 7
$01E4	$0ABD			INCF	Keypad_Read_rslt_L0, 1
$01E5	$29DF			GOTO	L_Keypad_Read_3
$01E6	$	L_Keypad_Read_4:
$01E6	$083D			MOVF	Keypad_Read_rslt_L0, 0
$01E7	$00F0			MOVWF	STACK_0
$01E8	$0008			RETURN
$01E9	$	L_Keypad_Read_2:
$01E9	$0DBF			RLF	Keypad_Read_shifter_L0, 1
$01EA	$103F			BCF	Keypad_Read_shifter_L0, 0
$01EB	$3004			MOVLW	4
$01EC	$07BD			ADDWF	Keypad_Read_rslt_L0, 1
$01ED	$29C0			GOTO	L_Keypad_Read_0
$01EE	$	L_Keypad_Read_1:
$01EE	$01F0			CLRF	STACK_0, 1
$01EF	$0008			RETURN
$01F0	$	_Div_16x16_U:
$01F0	$1303			BCF	STATUS, RP1
$01F1	$1283			BCF	STATUS, RP0
$01F2	$01F8			CLRF	STACK_8
$01F3	$01F9			CLRF	STACK_9
$01F4	$3010			MOVLW	16
$01F5	$00FC			MOVWF	STACK_12
$01F6	$0D71			RLF	STACK_1, W
$01F7	$0DF8			RLF	STACK_8, F
$01F8	$0DF9			RLF	STACK_9, F
$01F9	$0874			MOVF	STACK_4, W
$01FA	$02F8			SUBWF	STACK_8, F
$01FB	$0875			MOVF	STACK_5, W
$01FC	$1C03			BTFSS	STATUS, C
$01FD	$0F75			INCFSZ	STACK_5, W
$01FE	$02F9			SUBWF	STACK_9, F
$01FF	$1803			BTFSC	STATUS, C
$0200	$2A08			GOTO	$+8
$0201	$0874			MOVF	STACK_4, W
$0202	$07F8			ADDWF	STACK_8, F
$0203	$0875			MOVF	STACK_5, W
$0204	$1803			BTFSC	STATUS, C
$0205	$0F75			INCFSZ	STACK_5, W
$0206	$07F9			ADDWF	STACK_9, F
$0207	$1003			BCF	STATUS, C
$0208	$0DF0			RLF	STACK_0, F
$0209	$0DF1			RLF	STACK_1, F
$020A	$0BFC			DECFSZ	STACK_12, F
$020B	$29F6			GOTO	$-21
$020C	$0008			RETURN
$0247	$	_Keypad_Init:
$0247	$1303			BCF	STATUS, RP1
$0248	$1283			BCF	STATUS, RP0
$0249	$0838			MOVF	FARG_Keypad_Init+0, 0
$024A	$00A2			MOVWF	keypad_16_key_pointer
$024B	$0008			RETURN
$0062	$	_Lcd_Init:
$0062	$221E			CALL	_Delay_5500us
$0063	$221E			CALL	_Delay_5500us
$0064	$221E			CALL	_Delay_5500us
$0065	$0838			MOVF	FARG_Lcd_Init+0, 0
$0066	$00A0			MOVWF	LCD_port_address
$0067	$0838			MOVF	FARG_Lcd_Init+0, 0
$0068	$0084			MOVWF	FSR
$0069	$1784			BSF	FSR, 7
$006A	$1180			BCF	INDF, ___ENABLE
$006B	$1100			BCF	INDF, ___RS
$006C	$1000			BCF	INDF, ___RW
$006D	$1380			BCF	INDF, ___DB7
$006E	$1300			BCF	INDF, ___DB6
$006F	$1280			BCF	INDF, ___DB5
$0070	$1200			BCF	INDF, ___DB4
$0071	$1384			BCF	FSR, 7
$0072	$1180			BCF	INDF, ___ENABLE
$0073	$1100			BCF	INDF, ___RS
$0074	$1000			BCF	INDF, ___RW
$0075	$1380			BCF	INDF, ___DB7
$0076	$1300			BCF	INDF, ___DB6
$0077	$1280			BCF	INDF, ___DB5
$0078	$1200			BCF	INDF, ___DB4
$0079	$1680			BSF	INDF, ___DB5
$007A	$1600			BSF	INDF, ___DB4
$007B	$1580			BSF	INDF, ___ENABLE
$007C	$1180			BCF	INDF, ___ENABLE
$007D	$221E			CALL	_Delay_5500us
$007E	$1580			BSF	INDF, ___ENABLE
$007F	$1180			BCF	INDF, ___ENABLE
$0080	$221E			CALL	_Delay_5500us
$0081	$1580			BSF	INDF, ___ENABLE
$0082	$1180			BCF	INDF, ___ENABLE
$0083	$221E			CALL	_Delay_5500us
$0084	$1680			BSF	INDF, ___DB5
$0085	$1200			BCF	INDF, ___DB4
$0086	$1580			BSF	INDF, ___ENABLE
$0087	$1180			BCF	INDF, ___ENABLE
$0088	$221E			CALL	_Delay_5500us
$0089	$0180			CLRF	INDF
$008A	$1680			BSF	INDF, ___DB5
$008B	$1580			BSF	INDF, ___ENABLE
$008C	$1180			BCF	INDF, ___ENABLE
$008D	$0180			CLRF	INDF
$008E	$1780			BSF	INDF, ___DB7
$008F	$1580			BSF	INDF, ___ENABLE
$0090	$1180			BCF	INDF, ___ENABLE
$0091	$221E			CALL	_Delay_5500us
$0092	$0180			CLRF	INDF
$0093	$1600			BSF	INDF, ___DB4
$0094	$1580			BSF	INDF, ___ENABLE
$0095	$1180			BCF	INDF, ___ENABLE
$0096	$0180			CLRF	INDF
$0097	$1580			BSF	INDF, ___ENABLE
$0098	$1180			BCF	INDF, ___ENABLE
$0099	$221E			CALL	_Delay_5500us
$009A	$0180			CLRF	INDF
$009B	$1580			BSF	INDF, ___ENABLE
$009C	$1180			BCF	INDF, ___ENABLE
$009D	$1600			BSF	INDF, ___DB4
$009E	$1580			BSF	INDF, ___ENABLE
$009F	$1180			BCF	INDF, ___ENABLE
$00A0	$221E			CALL	_Delay_5500us
$00A1	$0180			CLRF	INDF
$00A2	$1580			BSF	INDF, ___ENABLE
$00A3	$1180			BCF	INDF, ___ENABLE
$00A4	$1600			BSF	INDF, ___DB4
$00A5	$1680			BSF	INDF, ___DB5
$00A6	$1700			BSF	INDF, ___DB6
$00A7	$1780			BSF	INDF, ___DB7
$00A8	$1580			BSF	INDF, ___ENABLE
$00A9	$1180			BCF	INDF, ___ENABLE
$00AA	$221E			CALL	_Delay_5500us
$00AB	$3001			MOVLW	1
$00AC	$00A1			MOVWF	LCD_cmd_status
$00AD	$0008			RETURN
$0141	$	_LCD_Out:
$0141	$2953			GOTO	L_LCD_Out_17
$0142	$	L_LCD_Out_19:
$0142	$3080			MOVLW	128
$0143	$1303			BCF	STATUS, RP1
$0144	$1283			BCF	STATUS, RP0
$0145	$00B8			MOVWF	FARG_LCD_Out+0
$0146	$2966			GOTO	L_LCD_Out_18
$0147	$	L_LCD_Out_20:
$0147	$30C0			MOVLW	192
$0148	$00B8			MOVWF	FARG_LCD_Out+0
$0149	$2966			GOTO	L_LCD_Out_18
$014A	$	L_LCD_Out_21:
$014A	$3094			MOVLW	148
$014B	$00B8			MOVWF	FARG_LCD_Out+0
$014C	$2966			GOTO	L_LCD_Out_18
$014D	$	L_LCD_Out_22:
$014D	$30D4			MOVLW	212
$014E	$00B8			MOVWF	FARG_LCD_Out+0
$014F	$2966			GOTO	L_LCD_Out_18
$0150	$	L_LCD_Out_23:
$0150	$3080			MOVLW	128
$0151	$00B8			MOVWF	FARG_LCD_Out+0
$0152	$2966			GOTO	L_LCD_Out_18
$0153	$	L_LCD_Out_17:
$0153	$1303			BCF	STATUS, RP1
$0154	$1283			BCF	STATUS, RP0
$0155	$0838			MOVF	FARG_LCD_Out+0, 0
$0156	$3A01			XORLW	1
$0157	$1903			BTFSC	STATUS, Z
$0158	$2942			GOTO	L_LCD_Out_19
$0159	$0838			MOVF	FARG_LCD_Out+0, 0
$015A	$3A02			XORLW	2
$015B	$1903			BTFSC	STATUS, Z
$015C	$2947			GOTO	L_LCD_Out_20
$015D	$0838			MOVF	FARG_LCD_Out+0, 0
$015E	$3A03			XORLW	3
$015F	$1903			BTFSC	STATUS, Z
$0160	$294A			GOTO	L_LCD_Out_21
$0161	$0838			MOVF	FARG_LCD_Out+0, 0
$0162	$3A04			XORLW	4
$0163	$1903			BTFSC	STATUS, Z
$0164	$294D			GOTO	L_LCD_Out_22
$0165	$2950			GOTO	L_LCD_Out_23
$0166	$	L_LCD_Out_18:
$0166	$0339			DECF	FARG_LCD_Out+1, 0
$0167	$00F0			MOVWF	STACK_0
$0168	$0838			MOVF	FARG_LCD_Out+0, 0
$0169	$07F0			ADDWF	STACK_0, 1
$016A	$0870			MOVF	STACK_0, 0
$016B	$00B8			MOVWF	FARG_LCD_Out+0
$016C	$0870			MOVF	STACK_0, 0
$016D	$00C0			MOVWF	FARG_Lcd_Cmd+0
$016E	$2103			CALL	_Lcd_Cmd
$016F	$01A1			CLRF	LCD_cmd_status, 1
$0170	$01BB			CLRF	LCD_Out_i_L0, 1
$0171	$	L_LCD_Out_24:
$0171	$083B			MOVF	LCD_Out_i_L0, 0
$0172	$073A			ADDWF	FARG_LCD_Out+2, 0
$0173	$0084			MOVWF	FSR
$0174	$0800			MOVF	INDF, 0
$0175	$00F0			MOVWF	STACK_0
$0176	$0870			MOVF	STACK_0, 0
$0177	$1903			BTFSC	STATUS, Z
$0178	$2981			GOTO	L_LCD_Out_25
$0179	$083B			MOVF	LCD_Out_i_L0, 0
$017A	$073A			ADDWF	FARG_LCD_Out+2, 0
$017B	$0084			MOVWF	FSR
$017C	$0800			MOVF	INDF, 0
$017D	$00BD			MOVWF	FARG_Lcd_Chr_CP+0
$017E	$222F			CALL	_Lcd_Chr_CP
$017F	$0ABB			INCF	LCD_Out_i_L0, 1
$0180	$2971			GOTO	L_LCD_Out_24
$0181	$	L_LCD_Out_25:
$0181	$3001			MOVLW	1
$0182	$00A1			MOVWF	LCD_cmd_status
$0183	$0008			RETURN
$020D	$	_Keypad_Released:
$020D	$21BB			CALL	_Keypad_Read
$020E	$0870			MOVF	STACK_0, 0
$020F	$00B8			MOVWF	Keypad_Released_rslt_L0
$0210	$	L_Keypad_Released_5:
$0210	$0822			MOVF	keypad_16_key_pointer, 0
$0211	$0084			MOVWF	FSR
$0212	$0800			MOVF	INDF, 0
$0213	$00F0			MOVWF	STACK_0
$0214	$300F			MOVLW	15
$0215	$05F0			ANDWF	STACK_0, 1
$0216	$0870			MOVF	STACK_0, 0
$0217	$1903			BTFSC	STATUS, Z
$0218	$2A1B			GOTO	L_Keypad_Released_6
$0219	$0000			NOP
$021A	$2A10			GOTO	L_Keypad_Released_5
$021B	$	L_Keypad_Released_6:
$021B	$0838			MOVF	Keypad_Released_rslt_L0, 0
$021C	$00F0			MOVWF	STACK_0
$021D	$0008			RETURN
$0184	$	_Lcd_Chr:
$0184	$2996			GOTO	L_Lcd_Chr_8
$0185	$	L_Lcd_Chr_10:
$0185	$3080			MOVLW	128
$0186	$1303			BCF	STATUS, RP1
$0187	$1283			BCF	STATUS, RP0
$0188	$00B8			MOVWF	FARG_Lcd_Chr+0
$0189	$29A9			GOTO	L_Lcd_Chr_9
$018A	$	L_Lcd_Chr_11:
$018A	$30C0			MOVLW	192
$018B	$00B8			MOVWF	FARG_Lcd_Chr+0
$018C	$29A9			GOTO	L_Lcd_Chr_9
$018D	$	L_Lcd_Chr_12:
$018D	$3094			MOVLW	148
$018E	$00B8			MOVWF	FARG_Lcd_Chr+0
$018F	$29A9			GOTO	L_Lcd_Chr_9
$0190	$	L_Lcd_Chr_13:
$0190	$30D4			MOVLW	212
$0191	$00B8			MOVWF	FARG_Lcd_Chr+0
$0192	$29A9			GOTO	L_Lcd_Chr_9
$0193	$	L_Lcd_Chr_14:
$0193	$3080			MOVLW	128
$0194	$00B8			MOVWF	FARG_Lcd_Chr+0
$0195	$29A9			GOTO	L_Lcd_Chr_9
$0196	$	L_Lcd_Chr_8:
$0196	$1303			BCF	STATUS, RP1
$0197	$1283			BCF	STATUS, RP0
$0198	$0838			MOVF	FARG_Lcd_Chr+0, 0
$0199	$3A01			XORLW	1
$019A	$1903			BTFSC	STATUS, Z
$019B	$2985			GOTO	L_Lcd_Chr_10
$019C	$0838			MOVF	FARG_Lcd_Chr+0, 0
$019D	$3A02			XORLW	2
$019E	$1903			BTFSC	STATUS, Z
$019F	$298A			GOTO	L_Lcd_Chr_11
$01A0	$0838			MOVF	FARG_Lcd_Chr+0, 0
$01A1	$3A03			XORLW	3
$01A2	$1903			BTFSC	STATUS, Z
$01A3	$298D			GOTO	L_Lcd_Chr_12
$01A4	$0838			MOVF	FARG_Lcd_Chr+0, 0
$01A5	$3A04			XORLW	4
$01A6	$1903			BTFSC	STATUS, Z
$01A7	$2990			GOTO	L_Lcd_Chr_13
$01A8	$2993			GOTO	L_Lcd_Chr_14
$01A9	$	L_Lcd_Chr_9:
$01A9	$0339			DECF	FARG_Lcd_Chr+1, 0
$01AA	$00F0			MOVWF	STACK_0
$01AB	$0838			MOVF	FARG_Lcd_Chr+0, 0
$01AC	$07F0			ADDWF	STACK_0, 1
$01AD	$0870			MOVF	STACK_0, 0
$01AE	$00B8			MOVWF	FARG_Lcd_Chr+0
$01AF	$3001			MOVLW	1
$01B0	$00A1			MOVWF	LCD_cmd_status
$01B1	$0870			MOVF	STACK_0, 0
$01B2	$00C0			MOVWF	FARG_Lcd_Cmd+0
$01B3	$2103			CALL	_Lcd_Cmd
$01B4	$01A1			CLRF	LCD_cmd_status, 1
$01B5	$083A			MOVF	FARG_Lcd_Chr+2, 0
$01B6	$00C0			MOVWF	FARG_Lcd_Cmd+0
$01B7	$2103			CALL	_Lcd_Cmd
$01B8	$3001			MOVLW	1
$01B9	$00A1			MOVWF	LCD_cmd_status
$01BA	$0008			RETURN
$00AE	$	_WordToStr:
$00AE	$1303			BCF	STATUS, RP1
$00AF	$1283			BCF	STATUS, RP0
$00B0	$083A			MOVF	FARG_WordToStr+2, 0
$00B1	$0084			MOVWF	FSR
$00B2	$3020			MOVLW	32
$00B3	$0080			MOVWF	INDF
$00B4	$0A3A			INCF	FARG_WordToStr+2, 0
$00B5	$00F0			MOVWF	STACK_0
$00B6	$0870			MOVF	STACK_0, 0
$00B7	$0084			MOVWF	FSR
$00B8	$3020			MOVLW	32
$00B9	$0080			MOVWF	INDF
$00BA	$3002			MOVLW	2
$00BB	$073A			ADDWF	FARG_WordToStr+2, 0
$00BC	$00F0			MOVWF	STACK_0
$00BD	$0870			MOVF	STACK_0, 0
$00BE	$0084			MOVWF	FSR
$00BF	$3020			MOVLW	32
$00C0	$0080			MOVWF	INDF
$00C1	$3003			MOVLW	3
$00C2	$073A			ADDWF	FARG_WordToStr+2, 0
$00C3	$00F0			MOVWF	STACK_0
$00C4	$0870			MOVF	STACK_0, 0
$00C5	$0084			MOVWF	FSR
$00C6	$3020			MOVLW	32
$00C7	$0080			MOVWF	INDF
$00C8	$3004			MOVLW	4
$00C9	$073A			ADDWF	FARG_WordToStr+2, 0
$00CA	$00F0			MOVWF	STACK_0
$00CB	$0870			MOVF	STACK_0, 0
$00CC	$0084			MOVWF	FSR
$00CD	$3030			MOVLW	48
$00CE	$0080			MOVWF	INDF
$00CF	$3005			MOVLW	5
$00D0	$073A			ADDWF	FARG_WordToStr+2, 0
$00D1	$00F0			MOVWF	STACK_0
$00D2	$0870			MOVF	STACK_0, 0
$00D3	$0084			MOVWF	FSR
$00D4	$0180			CLRF	INDF, 1
$00D5	$3004			MOVLW	4
$00D6	$00BB			MOVWF	WordToStr_pos_L0
$00D7	$	L_WordToStr_4:
$00D7	$0839			MOVF	FARG_WordToStr+1, 0
$00D8	$3C00			SUBLW	0
$00D9	$1D03			BTFSS	STATUS, Z
$00DA	$28DD			GOTO	L_WordToStr_51
$00DB	$0838			MOVF	FARG_WordToStr+0, 0
$00DC	$3C00			SUBLW	0
$00DD	$	L_WordToStr_51:
$00DD	$1803			BTFSC	STATUS, C
$00DE	$2902			GOTO	L_WordToStr_5
$00DF	$083B			MOVF	WordToStr_pos_L0, 0
$00E0	$073A			ADDWF	FARG_WordToStr+2, 0
$00E1	$00BC			MOVWF	FLOC_WordToStr+1
$00E2	$300A			MOVLW	10
$00E3	$00F4			MOVWF	STACK_4
$00E4	$01F5			CLRF	STACK_4+1
$00E5	$0838			MOVF	FARG_WordToStr+0, 0
$00E6	$00F0			MOVWF	STACK_0
$00E7	$0839			MOVF	FARG_WordToStr+1, 0
$00E8	$00F1			MOVWF	STACK_0+1
$00E9	$21F0			CALL	_div_16x16_u
$00EA	$0878			MOVF	STACK_8, 0
$00EB	$00F0			MOVWF	STACK_0
$00EC	$0879			MOVF	STACK_9, 0
$00ED	$00F1			MOVWF	STACK_1
$00EE	$3030			MOVLW	48
$00EF	$07F0			ADDWF	STACK_0, 1
$00F0	$083C			MOVF	FLOC_WordToStr+1, 0
$00F1	$0084			MOVWF	FSR
$00F2	$0870			MOVF	STACK_0, 0
$00F3	$0080			MOVWF	INDF
$00F4	$300A			MOVLW	10
$00F5	$00F4			MOVWF	STACK_4
$00F6	$01F5			CLRF	STACK_4+1
$00F7	$0838			MOVF	FARG_WordToStr+0, 0
$00F8	$00F0			MOVWF	STACK_0
$00F9	$0839			MOVF	FARG_WordToStr+1, 0
$00FA	$00F1			MOVWF	STACK_0+1
$00FB	$21F0			CALL	_div_16x16_u
$00FC	$0870			MOVF	STACK_0, 0
$00FD	$00B8			MOVWF	FARG_WordToStr+0
$00FE	$0871			MOVF	STACK_0+1, 0
$00FF	$00B9			MOVWF	FARG_WordToStr+1
$0100	$03BB			DECF	WordToStr_pos_L0, 1
$0101	$28D7			GOTO	L_WordToStr_4
$0102	$	L_WordToStr_5:
$0102	$0008			RETURN
$0004	$	_main:
$0004	$304B			MOVLW	75
$0005	$1303			BCF	STATUS, RP1
$0006	$1283			BCF	STATUS, RP0
$0007	$00AA			MOVWF	lstr1_lcd_keypad+0
$0008	$3065			MOVLW	101
$0009	$00AB			MOVWF	lstr1_lcd_keypad+1
$000A	$3079			MOVLW	121
$000B	$00AC			MOVWF	lstr1_lcd_keypad+2
$000C	$3020			MOVLW	32
$000D	$00AD			MOVWF	lstr1_lcd_keypad+3
$000E	$3020			MOVLW	32
$000F	$00AE			MOVWF	lstr1_lcd_keypad+4
$0010	$303A			MOVLW	58
$0011	$00AF			MOVWF	lstr1_lcd_keypad+5
$0012	$01B0			CLRF	lstr1_lcd_keypad+6
$0013	$3054			MOVLW	84
$0014	$00B1			MOVWF	lstr2_lcd_keypad+0
$0015	$3069			MOVLW	105
$0016	$00B2			MOVWF	lstr2_lcd_keypad+1
$0017	$306D			MOVLW	109
$0018	$00B3			MOVWF	lstr2_lcd_keypad+2
$0019	$3065			MOVLW	101
$001A	$00B4			MOVWF	lstr2_lcd_keypad+3
$001B	$3073			MOVLW	115
$001C	$00B5			MOVWF	lstr2_lcd_keypad+4
$001D	$303A			MOVLW	58
$001E	$00B6			MOVWF	lstr2_lcd_keypad+5
$001F	$01B7			CLRF	lstr2_lcd_keypad+6
;lcd_keypad.c,4 :: 		void main() {
;lcd_keypad.c,5 :: 		cnt = 0;
$0020	$01A3			CLRF	_cnt, 1
;lcd_keypad.c,6 :: 		Keypad_Init(&PORTD);
$0021	$3008			MOVLW	PORTD
$0022	$00B8			MOVWF	FARG_Keypad_Init+0
$0023	$2247			CALL	_Keypad_Init
;lcd_keypad.c,7 :: 		Lcd_Init(&PORTB);         // Initialize LCD on PORTC
$0024	$3006			MOVLW	PORTB
$0025	$00B8			MOVWF	FARG_Lcd_Init+0
$0026	$2062			CALL	_Lcd_Init
;lcd_keypad.c,8 :: 		Lcd_Cmd(LCD_CLEAR);       // Clear display
$0027	$3001			MOVLW	1
$0028	$00C0			MOVWF	FARG_Lcd_Cmd+0
$0029	$2103			CALL	_Lcd_Cmd
;lcd_keypad.c,9 :: 		Lcd_Cmd(LCD_CURSOR_OFF);  // Cursor off
$002A	$300C			MOVLW	12
$002B	$00C0			MOVWF	FARG_Lcd_Cmd+0
$002C	$2103			CALL	_Lcd_Cmd
;lcd_keypad.c,11 :: 		Lcd_Out(1, 1, "Key  :");
$002D	$3001			MOVLW	1
$002E	$00B8			MOVWF	FARG_LCD_Out+0
$002F	$3001			MOVLW	1
$0030	$00B9			MOVWF	FARG_LCD_Out+1
$0031	$302A			MOVLW	lstr1_lcd_keypad
$0032	$00BA			MOVWF	FARG_LCD_Out+2
$0033	$2141			CALL	_LCD_Out
;lcd_keypad.c,12 :: 		Lcd_Out(2, 1, "Times:");
$0034	$3002			MOVLW	2
$0035	$00B8			MOVWF	FARG_LCD_Out+0
$0036	$3001			MOVLW	1
$0037	$00B9			MOVWF	FARG_LCD_Out+1
$0038	$3031			MOVLW	lstr2_lcd_keypad
$0039	$00BA			MOVWF	FARG_LCD_Out+2
$003A	$2141			CALL	_LCD_Out
;lcd_keypad.c,14 :: 		do {
$003B	$	L_main_0:
;lcd_keypad.c,15 :: 		kp = 0;
$003B	$01A4			CLRF	_kp, 1
;lcd_keypad.c,18 :: 		do
$003C	$	L_main_2:
;lcd_keypad.c,20 :: 		kp = Keypad_Released();
$003C	$220D			CALL	_Keypad_Released
$003D	$0870			MOVF	STACK_0, 0
$003E	$00A4			MOVWF	_kp
;lcd_keypad.c,22 :: 		while (!kp);
$003F	$0870			MOVF	STACK_0, 0
$0040	$1903			BTFSC	STATUS, Z
$0041	$283C			GOTO	L_main_2
$0042	$	L_main_3:
;lcd_keypad.c,24 :: 		cnt++;
$0042	$0AA3			INCF	_cnt, 1
;lcd_keypad.c,27 :: 		if (kp > 10)
$0043	$0824			MOVF	_kp, 0
$0044	$3C0A			SUBLW	10
$0045	$1803			BTFSC	STATUS, C
$0046	$284A			GOTO	L_main_4
;lcd_keypad.c,28 :: 		kp += 54;
$0047	$3036			MOVLW	54
$0048	$07A4			ADDWF	_kp, 1
$0049	$284C			GOTO	L_main_5
$004A	$	L_main_4:
;lcd_keypad.c,30 :: 		kp += 47;
$004A	$302F			MOVLW	47
$004B	$07A4			ADDWF	_kp, 1
$004C	$	L_main_5:
;lcd_keypad.c,33 :: 		Lcd_Chr(1, 10, kp);
$004C	$3001			MOVLW	1
$004D	$00B8			MOVWF	FARG_Lcd_Chr+0
$004E	$300A			MOVLW	10
$004F	$00B9			MOVWF	FARG_Lcd_Chr+1
$0050	$0824			MOVF	_kp, 0
$0051	$00BA			MOVWF	FARG_Lcd_Chr+2
$0052	$2184			CALL	_Lcd_Chr
;lcd_keypad.c,34 :: 		WordToStr(cnt, txt);
$0053	$0823			MOVF	_cnt, 0
$0054	$00B8			MOVWF	FARG_WordToStr+0
$0055	$01B9			CLRF	FARG_WordToStr+1
$0056	$3025			MOVLW	_txt
$0057	$00BA			MOVWF	FARG_WordToStr+2
$0058	$20AE			CALL	_WordToStr
;lcd_keypad.c,35 :: 		Lcd_Out(2, 10, txt);
$0059	$3002			MOVLW	2
$005A	$00B8			MOVWF	FARG_LCD_Out+0
$005B	$300A			MOVLW	10
$005C	$00B9			MOVWF	FARG_LCD_Out+1
$005D	$3025			MOVLW	_txt
$005E	$00BA			MOVWF	FARG_LCD_Out+2
$005F	$2141			CALL	_LCD_Out
;lcd_keypad.c,37 :: 		} while (1);
$0060	$283B			GOTO	L_main_0
;lcd_keypad.c,38 :: 		}//~!
$0061	$2861			GOTO	$


//** Procedures locations **
//ADDRESS		PROCEDURE
//----------------------------------------------
$0004		main
$0062		Lcd_Init
$00AE		WordToStr
$0103		Lcd_Cmd
$0141		LCD_Out
$0184		Lcd_Chr
$01BB		Keypad_Read
$01F0		Div_16x16_U
$020D		Keypad_Released
$021E		Delay_5500us
$022F		Lcd_Chr_CP
$0238		Delay_50us
$0240		Delay_10us
$0247		Keypad_Init
$024C		Delay_1us


//** Labels locations **
//ADDRESS		LABEL
//----------------------------------------------
$0004		_main:
$003B		L_main_0:
$003C		L_main_2:
$0042		L_main_3:
$004A		L_main_4:
$004C		L_main_5:
$0062		_Lcd_Init:
$00AE		_WordToStr:
$00D7		L_WordToStr_4:
$00DD		L_WordToStr_51:
$0102		L_WordToStr_5:
$0103		_Lcd_Cmd:
$010A		L_Lcd_Cmd_0:
$011D		L_Lcd_Cmd_1:
$011E		L_Lcd_Cmd_2:
$0123		L_Lcd_Cmd_3:
$0136		L_Lcd_Cmd_4:
$0137		L_Lcd_Cmd_5:
$013F		L_Lcd_Cmd_6:
$0140		L_Lcd_Cmd_7:
$0141		_LCD_Out:
$0142		L_LCD_Out_19:
$0147		L_LCD_Out_20:
$014A		L_LCD_Out_21:
$014D		L_LCD_Out_22:
$0150		L_LCD_Out_23:
$0153		L_LCD_Out_17:
$0166		L_LCD_Out_18:
$0171		L_LCD_Out_24:
$0181		L_LCD_Out_25:
$0184		_Lcd_Chr:
$0185		L_Lcd_Chr_10:
$018A		L_Lcd_Chr_11:
$018D		L_Lcd_Chr_12:
$0190		L_Lcd_Chr_13:
$0193		L_Lcd_Chr_14:
$0196		L_Lcd_Chr_8:
$01A9		L_Lcd_Chr_9:
$01BB		_Keypad_Read:
$01C0		L_Keypad_Read_0:
$01DF		L_Keypad_Read_3:
$01E6		L_Keypad_Read_4:
$01E9		L_Keypad_Read_2:
$01EE		L_Keypad_Read_1:
$01F0		_Div_16x16_U:
$020D		_Keypad_Released:
$0210		L_Keypad_Released_5:
$021B		L_Keypad_Released_6:
$021E		_Delay_5500us:
$022F		_Lcd_Chr_CP:
$0238		_Delay_50us:
$0240		_Delay_10us:
$0247		_Keypad_Init:
$024C		_Delay_1us:


//** Variables locations **
//ADDRESS		VARIABLE
//----------------------------------------------
$0000		INDF
$0002		PCL
$0003		STATUS
$0004		FSR
$0006		PORTB
$0008		PORTD
$000A		PCLATH
$0020		LCD_port_address
$0021		LCD_cmd_status
$0022		keypad_16_key_pointer
$0023		_cnt
$0024		_kp
$0025		_txt
$002A		lstr1_lcd_keypad
$0031		lstr2_lcd_keypad
$0038		FARG_Keypad_Init+0
$0038		FARG_Lcd_Chr+0
$0038		FARG_Lcd_Init+0
$0038		FARG_LCD_Out+0
$0038		FARG_WordToStr+0
$0038		Keypad_Released_rslt_L0
$0039		FARG_Lcd_Chr+1
$0039		FARG_LCD_Out+1
$003A		FARG_Lcd_Chr+2
$003A		FARG_LCD_Out+2
$003A		FARG_WordToStr+2
$003B		LCD_Out_i_L0
$003B		WordToStr_pos_L0
$003C		
$003D		FARG_Lcd_Chr_CP+0
$003D		Keypad_Read_rslt_L0
$003E		Keypad_Read_kdata_L0
$003F		Keypad_Read_shifter_L0
$0040		FARG_Lcd_Cmd+0
$0070		STACK_0
$0071		STACK_1
$0072		STACK_2
$0073		STACK_3
$0074		STACK_4
$0075		STACK_5
$0076		STACK_6
$0077		STACK_7
$0078		STACK_8
$0079		STACK_9
$007A		STACK_10
$007B		STACK_11
$007C		STACK_12
$007D		STACK_13
$007E		STACK_14
$007F		STACK_15


