;  ASM code generated by mikroVirtualMachine for PIC - V. 8.2.0.0
;  Date/Time: 3/2/2012 2:15:23 PM
;  Info: http://www.mikroe.com


; ADDRESS	OPCODE	ASM
; ----------------------------------------------
$0000	$2804			GOTO	_main
$0004	$	_main:
;led_check_sai.c,1 :: 		void main()
;led_check_sai.c,3 :: 		ADCON1 =0x06; //TURN OFF ADA=0;
$0004	$3006			MOVLW	6
$0005	$1303			BCF	STATUS, RP1
$0006	$1683			BSF	STATUS, RP0
$0007	$009F			MOVWF	ADCON1
;led_check_sai.c,4 :: 		TRISA=0X00;
$0008	$0185			CLRF	TRISA, 1
;led_check_sai.c,5 :: 		TRISE=0X00;
$0009	$0189			CLRF	TRISE, 1
;led_check_sai.c,6 :: 		while(1)
$000A	$	L_main_0:
;led_check_sai.c,8 :: 		PORTA=0b10101010;
$000A	$30AA			MOVLW	170
$000B	$1283			BCF	STATUS, RP0
$000C	$0085			MOVWF	PORTA
;led_check_sai.c,9 :: 		delay_ms(1000);
$000D	$3006			MOVLW	6
$000E	$00FC			MOVWF	STACK_12
$000F	$30FF			MOVLW	255
$0010	$00FB			MOVWF	STACK_11
$0011	$30FF			MOVLW	255
$0012	$00FA			MOVWF	STACK_10
$0013	$0BFC			DECFSZ	STACK_12, F
$0014	$2816			GOTO	$+2
$0015	$281D			GOTO	$+8
$0016	$0BFB			DECFSZ	STACK_11, F
$0017	$2819			GOTO	$+2
$0018	$281C			GOTO	$+4
$0019	$0BFA			DECFSZ	STACK_10, F
$001A	$2819			GOTO	$-1
$001B	$2816			GOTO	$-5
$001C	$2813			GOTO	$-9
$001D	$301A			MOVLW	26
$001E	$00FB			MOVWF	STACK_11
$001F	$30FF			MOVLW	255
$0020	$00FA			MOVWF	STACK_10
$0021	$0BFB			DECFSZ	STACK_11, F
$0022	$2824			GOTO	$+2
$0023	$2827			GOTO	$+4
$0024	$0BFA			DECFSZ	STACK_10, F
$0025	$2824			GOTO	$-1
$0026	$2821			GOTO	$-5
$0027	$3042			MOVLW	66
$0028	$00FA			MOVWF	STACK_10
$0029	$0BFA			DECFSZ	STACK_10, F
$002A	$2829			GOTO	$-1
;led_check_sai.c,10 :: 		PORTA=0X55;
$002B	$3055			MOVLW	85
$002C	$0085			MOVWF	PORTA
;led_check_sai.c,11 :: 		delay_ms(1000);
$002D	$3006			MOVLW	6
$002E	$00FC			MOVWF	STACK_12
$002F	$30FF			MOVLW	255
$0030	$00FB			MOVWF	STACK_11
$0031	$30FF			MOVLW	255
$0032	$00FA			MOVWF	STACK_10
$0033	$0BFC			DECFSZ	STACK_12, F
$0034	$2836			GOTO	$+2
$0035	$283D			GOTO	$+8
$0036	$0BFB			DECFSZ	STACK_11, F
$0037	$2839			GOTO	$+2
$0038	$283C			GOTO	$+4
$0039	$0BFA			DECFSZ	STACK_10, F
$003A	$2839			GOTO	$-1
$003B	$2836			GOTO	$-5
$003C	$2833			GOTO	$-9
$003D	$301A			MOVLW	26
$003E	$00FB			MOVWF	STACK_11
$003F	$30FF			MOVLW	255
$0040	$00FA			MOVWF	STACK_10
$0041	$0BFB			DECFSZ	STACK_11, F
$0042	$2844			GOTO	$+2
$0043	$2847			GOTO	$+4
$0044	$0BFA			DECFSZ	STACK_10, F
$0045	$2844			GOTO	$-1
$0046	$2841			GOTO	$-5
$0047	$3042			MOVLW	66
$0048	$00FA			MOVWF	STACK_10
$0049	$0BFA			DECFSZ	STACK_10, F
$004A	$2849			GOTO	$-1
;led_check_sai.c,12 :: 		PORTE=0b00000111  ;
$004B	$3007			MOVLW	7
$004C	$0089			MOVWF	PORTE
;led_check_sai.c,13 :: 		delay_ms(1000);
$004D	$3006			MOVLW	6
$004E	$00FC			MOVWF	STACK_12
$004F	$30FF			MOVLW	255
$0050	$00FB			MOVWF	STACK_11
$0051	$30FF			MOVLW	255
$0052	$00FA			MOVWF	STACK_10
$0053	$0BFC			DECFSZ	STACK_12, F
$0054	$2856			GOTO	$+2
$0055	$285D			GOTO	$+8
$0056	$0BFB			DECFSZ	STACK_11, F
$0057	$2859			GOTO	$+2
$0058	$285C			GOTO	$+4
$0059	$0BFA			DECFSZ	STACK_10, F
$005A	$2859			GOTO	$-1
$005B	$2856			GOTO	$-5
$005C	$2853			GOTO	$-9
$005D	$301A			MOVLW	26
$005E	$00FB			MOVWF	STACK_11
$005F	$30FF			MOVLW	255
$0060	$00FA			MOVWF	STACK_10
$0061	$0BFB			DECFSZ	STACK_11, F
$0062	$2864			GOTO	$+2
$0063	$2867			GOTO	$+4
$0064	$0BFA			DECFSZ	STACK_10, F
$0065	$2864			GOTO	$-1
$0066	$2861			GOTO	$-5
$0067	$3042			MOVLW	66
$0068	$00FA			MOVWF	STACK_10
$0069	$0BFA			DECFSZ	STACK_10, F
$006A	$2869			GOTO	$-1
;led_check_sai.c,14 :: 		}
$006B	$280A			GOTO	L_main_0
;led_check_sai.c,15 :: 		}
$006C	$286C			GOTO	$


//** Procedures locations **
//ADDRESS		PROCEDURE
//----------------------------------------------
$0004		main


//** Labels locations **
//ADDRESS		LABEL
//----------------------------------------------
$0004		_main:
$000A		L_main_0:


//** Variables locations **
//ADDRESS		VARIABLE
//----------------------------------------------
$0000		INDF
$0002		PCL
$0003		STATUS
$0004		FSR
$0005		PORTA
$0009		PORTE
$000A		PCLATH
$0070		STACK_0
$0071		STACK_1
$0072		STACK_2
$0073		STACK_3
$0074		STACK_4
$0075		STACK_5
$0076		STACK_6
$0077		STACK_7
$0078		STACK_8
$0079		STACK_9
$007A		STACK_10
$007B		STACK_11
$007C		STACK_12
$007D		STACK_13
$007E		STACK_14
$007F		STACK_15
$0085		TRISA
$0089		TRISE
$009F		ADCON1


