;  ASM code generated by mikroVirtualMachine for PIC - V. 8.2.0.0
;  Date/Time: 3/2/2012 1:29:00 PM
;  Info: http://www.mikroe.com


; ADDRESS	OPCODE	ASM
; ----------------------------------------------
$0000	$2804			GOTO	_main
$0004	$	_main:
;LEDCHECK.c,1 :: 		void main()
;LEDCHECK.c,3 :: 		TRISA=0X00;
$0004	$1303			BCF	STATUS, RP1
$0005	$1683			BSF	STATUS, RP0
$0006	$0185			CLRF	TRISA, 1
;LEDCHECK.c,4 :: 		TRISB=0X00;
$0007	$0186			CLRF	TRISB, 1
;LEDCHECK.c,6 :: 		while(1)
$0008	$	L_main_0:
;LEDCHECK.c,8 :: 		PORTA=0x55;
$0008	$3055			MOVLW	85
$0009	$1283			BCF	STATUS, RP0
$000A	$0085			MOVWF	PORTA
;LEDCHECK.c,9 :: 		delay_ms(1000);
$000B	$3006			MOVLW	6
$000C	$00FC			MOVWF	STACK_12
$000D	$30FF			MOVLW	255
$000E	$00FB			MOVWF	STACK_11
$000F	$30FF			MOVLW	255
$0010	$00FA			MOVWF	STACK_10
$0011	$0BFC			DECFSZ	STACK_12, F
$0012	$2814			GOTO	$+2
$0013	$281B			GOTO	$+8
$0014	$0BFB			DECFSZ	STACK_11, F
$0015	$2817			GOTO	$+2
$0016	$281A			GOTO	$+4
$0017	$0BFA			DECFSZ	STACK_10, F
$0018	$2817			GOTO	$-1
$0019	$2814			GOTO	$-5
$001A	$2811			GOTO	$-9
$001B	$301A			MOVLW	26
$001C	$00FB			MOVWF	STACK_11
$001D	$30FF			MOVLW	255
$001E	$00FA			MOVWF	STACK_10
$001F	$0BFB			DECFSZ	STACK_11, F
$0020	$2822			GOTO	$+2
$0021	$2825			GOTO	$+4
$0022	$0BFA			DECFSZ	STACK_10, F
$0023	$2822			GOTO	$-1
$0024	$281F			GOTO	$-5
$0025	$3042			MOVLW	66
$0026	$00FA			MOVWF	STACK_10
$0027	$0BFA			DECFSZ	STACK_10, F
$0028	$2827			GOTO	$-1
;LEDCHECK.c,11 :: 		PORTA=0XAA;
$0029	$30AA			MOVLW	170
$002A	$0085			MOVWF	PORTA
;LEDCHECK.c,12 :: 		delay_ms(1000);
$002B	$3006			MOVLW	6
$002C	$00FC			MOVWF	STACK_12
$002D	$30FF			MOVLW	255
$002E	$00FB			MOVWF	STACK_11
$002F	$30FF			MOVLW	255
$0030	$00FA			MOVWF	STACK_10
$0031	$0BFC			DECFSZ	STACK_12, F
$0032	$2834			GOTO	$+2
$0033	$283B			GOTO	$+8
$0034	$0BFB			DECFSZ	STACK_11, F
$0035	$2837			GOTO	$+2
$0036	$283A			GOTO	$+4
$0037	$0BFA			DECFSZ	STACK_10, F
$0038	$2837			GOTO	$-1
$0039	$2834			GOTO	$-5
$003A	$2831			GOTO	$-9
$003B	$301A			MOVLW	26
$003C	$00FB			MOVWF	STACK_11
$003D	$30FF			MOVLW	255
$003E	$00FA			MOVWF	STACK_10
$003F	$0BFB			DECFSZ	STACK_11, F
$0040	$2842			GOTO	$+2
$0041	$2845			GOTO	$+4
$0042	$0BFA			DECFSZ	STACK_10, F
$0043	$2842			GOTO	$-1
$0044	$283F			GOTO	$-5
$0045	$3042			MOVLW	66
$0046	$00FA			MOVWF	STACK_10
$0047	$0BFA			DECFSZ	STACK_10, F
$0048	$2847			GOTO	$-1
;LEDCHECK.c,14 :: 		}
$0049	$2808			GOTO	L_main_0
;LEDCHECK.c,15 :: 		}
$004A	$284A			GOTO	$


//** Procedures locations **
//ADDRESS		PROCEDURE
//----------------------------------------------
$0004		main


//** Labels locations **
//ADDRESS		LABEL
//----------------------------------------------
$0004		_main:
$0008		L_main_0:


//** Variables locations **
//ADDRESS		VARIABLE
//----------------------------------------------
$0000		INDF
$0002		PCL
$0003		STATUS
$0004		FSR
$0005		PORTA
$000A		PCLATH
$0070		STACK_0
$0071		STACK_1
$0072		STACK_2
$0073		STACK_3
$0074		STACK_4
$0075		STACK_5
$0076		STACK_6
$0077		STACK_7
$0078		STACK_8
$0079		STACK_9
$007A		STACK_10
$007B		STACK_11
$007C		STACK_12
$007D		STACK_13
$007E		STACK_14
$007F		STACK_15
$0085		TRISA
$0086		TRISB


