;  ASM code generated by mikroVirtualMachine for PIC - V. 8.2.0.0
;  Date/Time: 8/24/2010 10:21:24 PM
;  Info: http://www.mikroe.com


; ADDRESS	OPCODE	ASM
; ----------------------------------------------
$0000	$2804			GOTO	_main
$0004	$	_main:
;new.c,1 :: 		void main()
;new.c,5 :: 		delay_us(15);
$0004	$3004			MOVLW	4
$0005	$1303			BCF	STATUS, RP1
$0006	$1283			BCF	STATUS, RP0
$0007	$00FA			MOVWF	STACK_10
$0008	$0BFA			DECFSZ	STACK_10, F
$0009	$2808			GOTO	$-1
$000A	$0000			NOP
$000B	$0000			NOP
;new.c,6 :: 		}
$000C	$280C			GOTO	$


//** Procedures locations **
//ADDRESS		PROCEDURE
//----------------------------------------------
$0004		main


//** Labels locations **
//ADDRESS		LABEL
//----------------------------------------------
$0004		_main:


//** Variables locations **
//ADDRESS		VARIABLE
//----------------------------------------------
$0000		INDF
$0002		PCL
$0003		STATUS
$0004		FSR
$000A		PCLATH
$0070		STACK_0
$0071		STACK_1
$0072		STACK_2
$0073		STACK_3
$0074		STACK_4
$0075		STACK_5
$0076		STACK_6
$0077		STACK_7
$0078		STACK_8
$0079		STACK_9
$007A		STACK_10
$007B		STACK_11
$007C		STACK_12
$007D		STACK_13
$007E		STACK_14
$007F		STACK_15


