;  ASM code generated by mikroVirtualMachine for PIC - V. 8.2.0.0
;  Date/Time: 2/2/2011 3:55:51 AM
;  Info: http://www.mikroe.com


; ADDRESS	OPCODE	ASM
; ----------------------------------------------
$0000	$2804			GOTO	_main
$0087	$	_Mul_16x16_S:
$0087	$1303			BCF	STATUS, RP1
$0088	$1283			BCF	STATUS, RP0
$0089	$01FB			CLRF	STACK_11
$008A	$01FA			CLRF	STACK_10
$008B	$01F9			CLRF	STACK_9
$008C	$3080			MOVLW	128
$008D	$00F8			MOVWF	STACK_8
$008E	$01FD			CLRF	STACK_13
$008F	$1FF1			BTFSS	STACK_1, 7
$0090	$2897			GOTO	$+7
$0091	$09F1			COMF	STACK_1, F
$0092	$09F0			COMF	STACK_0, F
$0093	$0AF0			INCF	STACK_0, F
$0094	$1903			BTFSC	STATUS, Z
$0095	$0AF1			INCF	STACK_1, F
$0096	$0AFD			INCF	STACK_13, F
$0097	$1FF5			BTFSS	STACK_5, 7
$0098	$289F			GOTO	$+7
$0099	$09F5			COMF	STACK_5, F
$009A	$09F4			COMF	STACK_4, F
$009B	$0AF4			INCF	STACK_4, F
$009C	$1903			BTFSC	STATUS, Z
$009D	$0AF5			INCF	STACK_5, F
$009E	$0AFD			INCF	STACK_13, F
$009F	$0CF1			RRF	STACK_1, F
$00A0	$0CF0			RRF	STACK_0, F
$00A1	$1C03			BTFSS	STATUS, C
$00A2	$28AC			GOTO	$+10
$00A3	$0874			MOVF	STACK_4, W
$00A4	$07F9			ADDWF	STACK_9, F
$00A5	$0875			MOVF	STACK_5, W
$00A6	$1803			BTFSC	STATUS, C
$00A7	$0F75			INCFSZ	STACK_5, W
$00A8	$07FA			ADDWF	STACK_10, F
$00A9	$1803			BTFSC	STATUS, C
$00AA	$0AFB			INCF	STACK_11, F
$00AB	$1003			BCF	STATUS, C
$00AC	$1FF0			BTFSS	STACK_0, 7
$00AD	$28B4			GOTO	$+7
$00AE	$0874			MOVF	STACK_4, W
$00AF	$07FA			ADDWF	STACK_10, F
$00B0	$1803			BTFSC	STATUS, C
$00B1	$0AFB			INCF	STACK_11, F
$00B2	$0875			MOVF	STACK_5, W
$00B3	$07FB			ADDWF	STACK_11, F
$00B4	$0CFB			RRF	STACK_11, F
$00B5	$0CFA			RRF	STACK_10, F
$00B6	$0CF9			RRF	STACK_9, F
$00B7	$0CF8			RRF	STACK_8, F
$00B8	$1C03			BTFSS	STATUS, C
$00B9	$289F			GOTO	$-26
$00BA	$1C7D			BTFSS	STACK_13, 0
$00BB	$28C7			GOTO	$+12
$00BC	$09FB			COMF	STACK_11, F
$00BD	$09FA			COMF	STACK_10, F
$00BE	$09F9			COMF	STACK_9, F
$00BF	$09F8			COMF	STACK_8, F
$00C0	$0AF8			INCF	STACK_8, F
$00C1	$1903			BTFSC	STATUS, Z
$00C2	$0AF9			INCF	STACK_9, F
$00C3	$1903			BTFSC	STATUS, Z
$00C4	$0AFA			INCF	STACK_10, F
$00C5	$1903			BTFSC	STATUS, Z
$00C6	$0AFB			INCF	STACK_11, F
$00C7	$087B			MOVF	STACK_11, W
$00C8	$00F3			MOVWF	STACK_3
$00C9	$087A			MOVF	STACK_10, W
$00CA	$00F2			MOVWF	STACK_2
$00CB	$0879			MOVF	STACK_9, W
$00CC	$00F1			MOVWF	STACK_1
$00CD	$0878			MOVF	STACK_8, W
$00CE	$00F0			MOVWF	STACK_0
$00CF	$0000			NOP
$00D0	$0008			RETURN
$014B	$	_PWM1_Start:
$014B	$1303			BCF	STATUS, RP1
$014C	$1683			BSF	STATUS, RP0
$014D	$1107			BCF	TRISC, 2
$014E	$1283			BCF	STATUS, RP0
$014F	$1512			BSF	T2CON, 2
$0150	$300C			MOVLW	12
$0151	$0497			IORWF	CCP1CON, 1
$0152	$0008			RETURN
$0143	$	_PWM2_Start:
$0143	$1303			BCF	STATUS, RP1
$0144	$1683			BSF	STATUS, RP0
$0145	$1087			BCF	TRISC, 1
$0146	$1283			BCF	STATUS, RP0
$0147	$1512			BSF	T2CON, 2
$0148	$300C			MOVLW	12
$0149	$049D			IORWF	CCP2CON, 1
$014A	$0008			RETURN
$010A	$	_PWM1_Change_Duty:
$010A	$1303			BCF	STATUS, RP1
$010B	$1683			BSF	STATUS, RP0
$010C	$0812			MOVF	PR2, 0
$010D	$3F01			ADDLW	1
$010E	$00F0			MOVWF	STACK_0
$010F	$01F1			CLRF	STACK_0+1
$0110	$1803			BTFSC	STATUS, C
$0111	$0AF1			INCF	STACK_0+1, 1
$0112	$1283			BCF	STATUS, RP0
$0113	$0820			MOVF	FARG_PWM1_Change_Duty+0, 0
$0114	$00F4			MOVWF	STACK_4
$0115	$01F5			CLRF	STACK_4+1
$0116	$2087			CALL	_mul_16x16_s
$0117	$3006			MOVLW	6
$0118	$00F2			MOVWF	STACK_2
$0119	$0870			MOVF	STACK_0, 0
$011A	$00F4			MOVWF	STACK_4
$011B	$0871			MOVF	STACK_0+1, 0
$011C	$00F5			MOVWF	STACK_4+1
$011D	$0872			MOVF	STACK_2, 0
$011E	$	L_PWM1_Change_Duty_2:
$011E	$1903			BTFSC	STATUS, Z
$011F	$2925			GOTO	L_PWM1_Change_Duty_3
$0120	$0CF5			RRF	STACK_4+1, 1
$0121	$0CF4			RRF	STACK_4, 1
$0122	$13F5			BCF	STACK_4+1, 7
$0123	$3FFF			ADDLW	255
$0124	$291E			GOTO	L_PWM1_Change_Duty_2
$0125	$	L_PWM1_Change_Duty_3:
$0125	$0874			MOVF	STACK_4, 0
$0126	$00F0			MOVWF	STACK_0
$0127	$0DF0			RLF	STACK_0, 1
$0128	$1070			BCF	STACK_0, 0
$0129	$0DF0			RLF	STACK_0, 1
$012A	$1070			BCF	STACK_0, 0
$012B	$0DF0			RLF	STACK_0, 1
$012C	$1070			BCF	STACK_0, 0
$012D	$0DF0			RLF	STACK_0, 1
$012E	$1070			BCF	STACK_0, 0
$012F	$3030			MOVLW	48
$0130	$0570			ANDWF	STACK_0, 0
$0131	$00F3			MOVWF	STACK_3
$0132	$0874			MOVF	STACK_4, 0
$0133	$00F0			MOVWF	STACK_0
$0134	$0875			MOVF	STACK_4+1, 0
$0135	$00F1			MOVWF	STACK_0+1
$0136	$0CF1			RRF	STACK_0+1, 1
$0137	$0CF0			RRF	STACK_0, 1
$0138	$13F1			BCF	STACK_0+1, 7
$0139	$0CF1			RRF	STACK_0+1, 1
$013A	$0CF0			RRF	STACK_0, 1
$013B	$13F1			BCF	STACK_0+1, 7
$013C	$0870			MOVF	STACK_0, 0
$013D	$0095			MOVWF	CCPR1L
$013E	$300F			MOVLW	15
$013F	$0597			ANDWF	CCP1CON, 1
$0140	$0873			MOVF	STACK_3, 0
$0141	$0497			IORWF	CCP1CON, 1
$0142	$0008			RETURN
$00D1	$	_PWM2_Change_Duty:
$00D1	$1303			BCF	STATUS, RP1
$00D2	$1683			BSF	STATUS, RP0
$00D3	$0812			MOVF	PR2, 0
$00D4	$3F01			ADDLW	1
$00D5	$00F0			MOVWF	STACK_0
$00D6	$01F1			CLRF	STACK_0+1
$00D7	$1803			BTFSC	STATUS, C
$00D8	$0AF1			INCF	STACK_0+1, 1
$00D9	$1283			BCF	STATUS, RP0
$00DA	$0820			MOVF	FARG_PWM2_Change_Duty+0, 0
$00DB	$00F4			MOVWF	STACK_4
$00DC	$01F5			CLRF	STACK_4+1
$00DD	$2087			CALL	_mul_16x16_s
$00DE	$3006			MOVLW	6
$00DF	$00F2			MOVWF	STACK_2
$00E0	$0870			MOVF	STACK_0, 0
$00E1	$00F4			MOVWF	STACK_4
$00E2	$0871			MOVF	STACK_0+1, 0
$00E3	$00F5			MOVWF	STACK_4+1
$00E4	$0872			MOVF	STACK_2, 0
$00E5	$	L_PWM2_Change_Duty_0:
$00E5	$1903			BTFSC	STATUS, Z
$00E6	$28EC			GOTO	L_PWM2_Change_Duty_1
$00E7	$0CF5			RRF	STACK_4+1, 1
$00E8	$0CF4			RRF	STACK_4, 1
$00E9	$13F5			BCF	STACK_4+1, 7
$00EA	$3FFF			ADDLW	255
$00EB	$28E5			GOTO	L_PWM2_Change_Duty_0
$00EC	$	L_PWM2_Change_Duty_1:
$00EC	$0874			MOVF	STACK_4, 0
$00ED	$00F0			MOVWF	STACK_0
$00EE	$0DF0			RLF	STACK_0, 1
$00EF	$1070			BCF	STACK_0, 0
$00F0	$0DF0			RLF	STACK_0, 1
$00F1	$1070			BCF	STACK_0, 0
$00F2	$0DF0			RLF	STACK_0, 1
$00F3	$1070			BCF	STACK_0, 0
$00F4	$0DF0			RLF	STACK_0, 1
$00F5	$1070			BCF	STACK_0, 0
$00F6	$3030			MOVLW	48
$00F7	$0570			ANDWF	STACK_0, 0
$00F8	$00F3			MOVWF	STACK_3
$00F9	$0874			MOVF	STACK_4, 0
$00FA	$00F0			MOVWF	STACK_0
$00FB	$0875			MOVF	STACK_4+1, 0
$00FC	$00F1			MOVWF	STACK_0+1
$00FD	$0CF1			RRF	STACK_0+1, 1
$00FE	$0CF0			RRF	STACK_0, 1
$00FF	$13F1			BCF	STACK_0+1, 7
$0100	$0CF1			RRF	STACK_0+1, 1
$0101	$0CF0			RRF	STACK_0, 1
$0102	$13F1			BCF	STACK_0+1, 7
$0103	$0870			MOVF	STACK_0, 0
$0104	$009B			MOVWF	CCPR2L
$0105	$300F			MOVLW	15
$0106	$059D			ANDWF	CCP2CON, 1
$0107	$0873			MOVF	STACK_3, 0
$0108	$049D			IORWF	CCP2CON, 1
$0109	$0008			RETURN
$0153	$	_PWM1_Stop:
$0153	$1303			BCF	STATUS, RP1
$0154	$1683			BSF	STATUS, RP0
$0155	$1507			BSF	TRISC, 2
$0156	$1283			BCF	STATUS, RP0
$0157	$1112			BCF	T2CON, 2
$0158	$30F0			MOVLW	240
$0159	$0597			ANDWF	CCP1CON, 1
$015A	$0008			RETURN
$015B	$	_PWM2_Stop:
$015B	$1303			BCF	STATUS, RP1
$015C	$1683			BSF	STATUS, RP0
$015D	$1487			BSF	TRISC, 1
$015E	$1283			BCF	STATUS, RP0
$015F	$1112			BCF	T2CON, 2
$0160	$30F0			MOVLW	240
$0161	$059D			ANDWF	CCP2CON, 1
$0162	$0008			RETURN
$0169	$	_PWM1_Init:
$0169	$1303			BCF	STATUS, RP1
$016A	$1283			BCF	STATUS, RP0
$016B	$0195			CLRF	CCPR1L, 1
$016C	$1217			BCF	CCP1CON, 4
$016D	$1297			BCF	CCP1CON, 5
$016E	$0008			RETURN
$0163	$	_PWM2_Init:
$0163	$1303			BCF	STATUS, RP1
$0164	$1283			BCF	STATUS, RP0
$0165	$019B			CLRF	CCPR2L, 1
$0166	$121D			BCF	CCP2CON, 4
$0167	$129D			BCF	CCP2CON, 5
$0168	$0008			RETURN
$0004	$	_main:
;pwm_dcmotor.c,5 :: 		void main()
;pwm_dcmotor.c,7 :: 		TRISC = 0x00;
$0004	$1303			BCF	STATUS, RP1
$0005	$1683			BSF	STATUS, RP0
$0006	$0187			CLRF	TRISC, 1
;pwm_dcmotor.c,8 :: 		PORTC.F7=0;
$0007	$1283			BCF	STATUS, RP0
$0008	$1387			BCF	PORTC, 7
;pwm_dcmotor.c,9 :: 		PORTC.F6=1;
$0009	$1707			BSF	PORTC, 6
;pwm_dcmotor.c,10 :: 		PORTC.F5=0;
$000A	$1287			BCF	PORTC, 5
;pwm_dcmotor.c,11 :: 		PORTC.F4=1;
$000B	$1607			BSF	PORTC, 4
;pwm_dcmotor.c,12 :: 		PWM1_Init(5000);
$000C	$1012			BCF	T2CON, T2CKPS0
$000D	$1092			BCF	T2CON, T2CKPS1
$000E	$30C7			MOVLW	199
$000F	$1683			BSF	STATUS, RP0
$0010	$0092			MOVWF	PR2
$0011	$2169			CALL	_PWM1_Init
;pwm_dcmotor.c,13 :: 		PWM2_Init(5000);
$0012	$1012			BCF	T2CON, T2CKPS0
$0013	$1092			BCF	T2CON, T2CKPS1
$0014	$30C7			MOVLW	199
$0015	$1683			BSF	STATUS, RP0
$0016	$0092			MOVWF	PR2
$0017	$2163			CALL	_PWM2_Init
;pwm_dcmotor.c,14 :: 		Pwm1_Start();   //R    C2
$0018	$214B			CALL	_PWM1_Start
;pwm_dcmotor.c,15 :: 		Pwm2_Start();   //L    C1
$0019	$2143			CALL	_PWM2_Start
;pwm_dcmotor.c,16 :: 		while(1)
$001A	$	L_main_0:
;pwm_dcmotor.c,18 :: 		PWM1_Change_Duty(90);
$001A	$305A			MOVLW	90
$001B	$00A0			MOVWF	FARG_PWM1_Change_Duty+0
$001C	$210A			CALL	_PWM1_Change_Duty
;pwm_dcmotor.c,19 :: 		PWM2_Change_Duty(210);
$001D	$30D2			MOVLW	210
$001E	$00A0			MOVWF	FARG_PWM2_Change_Duty+0
$001F	$20D1			CALL	_PWM2_Change_Duty
;pwm_dcmotor.c,20 :: 		Delay_ms(10000);
$0020	$3033			MOVLW	51
$0021	$00FC			MOVWF	STACK_12
$0022	$30FF			MOVLW	255
$0023	$00FB			MOVWF	STACK_11
$0024	$30FF			MOVLW	255
$0025	$00FA			MOVWF	STACK_10
$0026	$0BFC			DECFSZ	STACK_12, F
$0027	$2829			GOTO	$+2
$0028	$2830			GOTO	$+8
$0029	$0BFB			DECFSZ	STACK_11, F
$002A	$282C			GOTO	$+2
$002B	$282F			GOTO	$+4
$002C	$0BFA			DECFSZ	STACK_10, F
$002D	$282C			GOTO	$-1
$002E	$2829			GOTO	$-5
$002F	$2826			GOTO	$-9
$0030	$30FD			MOVLW	253
$0031	$00FB			MOVWF	STACK_11
$0032	$30FF			MOVLW	255
$0033	$00FA			MOVWF	STACK_10
$0034	$0BFB			DECFSZ	STACK_11, F
$0035	$2837			GOTO	$+2
$0036	$283A			GOTO	$+4
$0037	$0BFA			DECFSZ	STACK_10, F
$0038	$2837			GOTO	$-1
$0039	$2834			GOTO	$-5
$003A	$30B5			MOVLW	181
$003B	$00FA			MOVWF	STACK_10
$003C	$0BFA			DECFSZ	STACK_10, F
$003D	$283C			GOTO	$-1
$003E	$0000			NOP
;pwm_dcmotor.c,21 :: 		PWM1_Change_Duty(255);
$003F	$30FF			MOVLW	255
$0040	$00A0			MOVWF	FARG_PWM1_Change_Duty+0
$0041	$210A			CALL	_PWM1_Change_Duty
;pwm_dcmotor.c,22 :: 		PWM2_Change_Duty(255);
$0042	$30FF			MOVLW	255
$0043	$00A0			MOVWF	FARG_PWM2_Change_Duty+0
$0044	$20D1			CALL	_PWM2_Change_Duty
;pwm_dcmotor.c,23 :: 		Delay_ms(10000);
$0045	$3033			MOVLW	51
$0046	$00FC			MOVWF	STACK_12
$0047	$30FF			MOVLW	255
$0048	$00FB			MOVWF	STACK_11
$0049	$30FF			MOVLW	255
$004A	$00FA			MOVWF	STACK_10
$004B	$0BFC			DECFSZ	STACK_12, F
$004C	$284E			GOTO	$+2
$004D	$2855			GOTO	$+8
$004E	$0BFB			DECFSZ	STACK_11, F
$004F	$2851			GOTO	$+2
$0050	$2854			GOTO	$+4
$0051	$0BFA			DECFSZ	STACK_10, F
$0052	$2851			GOTO	$-1
$0053	$284E			GOTO	$-5
$0054	$284B			GOTO	$-9
$0055	$30FD			MOVLW	253
$0056	$00FB			MOVWF	STACK_11
$0057	$30FF			MOVLW	255
$0058	$00FA			MOVWF	STACK_10
$0059	$0BFB			DECFSZ	STACK_11, F
$005A	$285C			GOTO	$+2
$005B	$285F			GOTO	$+4
$005C	$0BFA			DECFSZ	STACK_10, F
$005D	$285C			GOTO	$-1
$005E	$2859			GOTO	$-5
$005F	$30B5			MOVLW	181
$0060	$00FA			MOVWF	STACK_10
$0061	$0BFA			DECFSZ	STACK_10, F
$0062	$2861			GOTO	$-1
$0063	$0000			NOP
;pwm_dcmotor.c,24 :: 		PWM1_STOP();
$0064	$2153			CALL	_PWM1_Stop
;pwm_dcmotor.c,25 :: 		PWM2_STOP();
$0065	$215B			CALL	_PWM2_Stop
;pwm_dcmotor.c,26 :: 		Delay_ms(10000);
$0066	$3033			MOVLW	51
$0067	$00FC			MOVWF	STACK_12
$0068	$30FF			MOVLW	255
$0069	$00FB			MOVWF	STACK_11
$006A	$30FF			MOVLW	255
$006B	$00FA			MOVWF	STACK_10
$006C	$0BFC			DECFSZ	STACK_12, F
$006D	$286F			GOTO	$+2
$006E	$2876			GOTO	$+8
$006F	$0BFB			DECFSZ	STACK_11, F
$0070	$2872			GOTO	$+2
$0071	$2875			GOTO	$+4
$0072	$0BFA			DECFSZ	STACK_10, F
$0073	$2872			GOTO	$-1
$0074	$286F			GOTO	$-5
$0075	$286C			GOTO	$-9
$0076	$30FD			MOVLW	253
$0077	$00FB			MOVWF	STACK_11
$0078	$30FF			MOVLW	255
$0079	$00FA			MOVWF	STACK_10
$007A	$0BFB			DECFSZ	STACK_11, F
$007B	$287D			GOTO	$+2
$007C	$2880			GOTO	$+4
$007D	$0BFA			DECFSZ	STACK_10, F
$007E	$287D			GOTO	$-1
$007F	$287A			GOTO	$-5
$0080	$30B5			MOVLW	181
$0081	$00FA			MOVWF	STACK_10
$0082	$0BFA			DECFSZ	STACK_10, F
$0083	$2882			GOTO	$-1
$0084	$0000			NOP
;pwm_dcmotor.c,27 :: 		}
$0085	$281A			GOTO	L_main_0
;pwm_dcmotor.c,28 :: 		}
$0086	$2886			GOTO	$


//** Procedures locations **
//ADDRESS		PROCEDURE
//----------------------------------------------
$0004		main
$0087		Mul_16x16_S
$00D1		PWM2_Change_Duty
$010A		PWM1_Change_Duty
$0143		PWM2_Start
$014B		PWM1_Start
$0153		PWM1_Stop
$015B		PWM2_Stop
$0163		PWM2_Init
$0169		PWM1_Init


//** Labels locations **
//ADDRESS		LABEL
//----------------------------------------------
$0004		_main:
$001A		L_main_0:
$0087		_Mul_16x16_S:
$00D1		_PWM2_Change_Duty:
$00E5		L_PWM2_Change_Duty_0:
$00EC		L_PWM2_Change_Duty_1:
$010A		_PWM1_Change_Duty:
$011E		L_PWM1_Change_Duty_2:
$0125		L_PWM1_Change_Duty_3:
$0143		_PWM2_Start:
$014B		_PWM1_Start:
$0153		_PWM1_Stop:
$015B		_PWM2_Stop:
$0163		_PWM2_Init:
$0169		_PWM1_Init:


//** Variables locations **
//ADDRESS		VARIABLE
//----------------------------------------------
$0000		INDF
$0002		PCL
$0003		STATUS
$0004		FSR
$0007		PORTC
$000A		PCLATH
$0012		T2CON
$0015		CCPR1L
$0017		CCP1CON
$001B		CCPR2L
$001D		CCP2CON
$0020		FARG_PWM1_Change_Duty+0
$0020		FARG_PWM1_Init+0
$0020		FARG_PWM2_Change_Duty+0
$0020		FARG_PWM2_Init+0
$0070		STACK_0
$0071		STACK_1
$0072		STACK_2
$0073		STACK_3
$0074		STACK_4
$0075		STACK_5
$0076		STACK_6
$0077		STACK_7
$0078		STACK_8
$0079		STACK_9
$007A		STACK_10
$007B		STACK_11
$007C		STACK_12
$007D		STACK_13
$007E		STACK_14
$007F		STACK_15
$0087		TRISC
$0092		PR2


